{"/workspace/EhixTC/src/assets/js/systems/consumableSystem.js": {"path":"/workspace/EhixTC/src/assets/js/systems/consumableSystem.js","statementMap":{"0":{"start":{"line":7,"column":8},"end":{"line":7,"column":39}},"1":{"start":{"line":8,"column":8},"end":{"line":8,"column":38}},"2":{"start":{"line":19,"column":30},"end":{"line":19,"column":62}},"3":{"start":{"line":20,"column":8},"end":{"line":23,"column":9}},"4":{"start":{"line":21,"column":12},"end":{"line":21,"column":69}},"5":{"start":{"line":22,"column":12},"end":{"line":22,"column":25}},"6":{"start":{"line":26,"column":25},"end":{"line":26,"column":42}},"7":{"start":{"line":27,"column":8},"end":{"line":30,"column":9}},"8":{"start":{"line":28,"column":12},"end":{"line":28,"column":70}},"9":{"start":{"line":29,"column":12},"end":{"line":29,"column":25}},"10":{"start":{"line":33,"column":34},"end":{"line":33,"column":103}},"11":{"start":{"line":34,"column":8},"end":{"line":37,"column":9}},"12":{"start":{"line":35,"column":12},"end":{"line":35,"column":118}},"13":{"start":{"line":36,"column":12},"end":{"line":36,"column":25}},"14":{"start":{"line":40,"column":24},"end":{"line":40,"column":64}},"15":{"start":{"line":42,"column":8},"end":{"line":59,"column":9}},"16":{"start":{"line":44,"column":12},"end":{"line":44,"column":59}},"17":{"start":{"line":47,"column":12},"end":{"line":47,"column":77}},"18":{"start":{"line":50,"column":12},"end":{"line":50,"column":35}},"19":{"start":{"line":53,"column":12},"end":{"line":55,"column":13}},"20":{"start":{"line":54,"column":16},"end":{"line":54,"column":67}},"21":{"start":{"line":57,"column":12},"end":{"line":57,"column":74}},"22":{"start":{"line":58,"column":12},"end":{"line":58,"column":24}},"23":{"start":{"line":61,"column":8},"end":{"line":61,"column":21}},"24":{"start":{"line":71,"column":8},"end":{"line":74,"column":9}},"25":{"start":{"line":72,"column":12},"end":{"line":72,"column":67}},"26":{"start":{"line":73,"column":12},"end":{"line":73,"column":25}},"27":{"start":{"line":76,"column":24},"end":{"line":76,"column":92}},"28":{"start":{"line":77,"column":31},"end":{"line":77,"column":36}},"29":{"start":{"line":79,"column":8},"end":{"line":83,"column":9}},"30":{"start":{"line":80,"column":12},"end":{"line":82,"column":13}},"31":{"start":{"line":81,"column":16},"end":{"line":81,"column":40}},"32":{"start":{"line":85,"column":8},"end":{"line":85,"column":32}},"33":{"start":{"line":96,"column":42},"end":{"line":96,"column":59}},"34":{"start":{"line":98,"column":8},"end":{"line":124,"column":9}},"35":{"start":{"line":100,"column":16},"end":{"line":100,"column":85}},"36":{"start":{"line":104,"column":16},"end":{"line":104,"column":93}},"37":{"start":{"line":107,"column":16},"end":{"line":107,"column":81}},"38":{"start":{"line":110,"column":16},"end":{"line":110,"column":86}},"39":{"start":{"line":113,"column":16},"end":{"line":113,"column":82}},"40":{"start":{"line":116,"column":16},"end":{"line":116,"column":70}},"41":{"start":{"line":119,"column":16},"end":{"line":119,"column":78}},"42":{"start":{"line":122,"column":16},"end":{"line":122,"column":67}},"43":{"start":{"line":123,"column":16},"end":{"line":123,"column":29}},"44":{"start":{"line":131,"column":8},"end":{"line":165,"column":9}},"45":{"start":{"line":132,"column":27},"end":{"line":132,"column":42}},"46":{"start":{"line":133,"column":34},"end":{"line":133,"column":60}},"47":{"start":{"line":134,"column":30},"end":{"line":134,"column":59}},"48":{"start":{"line":136,"column":12},"end":{"line":139,"column":13}},"49":{"start":{"line":137,"column":16},"end":{"line":137,"column":75}},"50":{"start":{"line":138,"column":16},"end":{"line":138,"column":29}},"51":{"start":{"line":142,"column":31},"end":{"line":142,"column":32}},"52":{"start":{"line":143,"column":12},"end":{"line":146,"column":13}},"53":{"start":{"line":143,"column":25},"end":{"line":143,"column":26}},"54":{"start":{"line":144,"column":35},"end":{"line":144,"column":68}},"55":{"start":{"line":145,"column":16},"end":{"line":145,"column":43}},"56":{"start":{"line":149,"column":30},"end":{"line":149,"column":79}},"57":{"start":{"line":150,"column":34},"end":{"line":150,"column":59}},"58":{"start":{"line":152,"column":12},"end":{"line":152,"column":51}},"59":{"start":{"line":155,"column":12},"end":{"line":157,"column":13}},"60":{"start":{"line":156,"column":16},"end":{"line":156,"column":66}},"61":{"start":{"line":159,"column":12},"end":{"line":159,"column":83}},"62":{"start":{"line":161,"column":12},"end":{"line":161,"column":24}},"63":{"start":{"line":163,"column":12},"end":{"line":163,"column":63}},"64":{"start":{"line":164,"column":12},"end":{"line":164,"column":25}},"65":{"start":{"line":172,"column":8},"end":{"line":206,"column":9}},"66":{"start":{"line":173,"column":27},"end":{"line":173,"column":42}},"67":{"start":{"line":174,"column":32},"end":{"line":174,"column":56}},"68":{"start":{"line":175,"column":28},"end":{"line":175,"column":55}},"69":{"start":{"line":177,"column":12},"end":{"line":180,"column":13}},"70":{"start":{"line":178,"column":16},"end":{"line":178,"column":70}},"71":{"start":{"line":179,"column":16},"end":{"line":179,"column":29}},"72":{"start":{"line":183,"column":28},"end":{"line":183,"column":29}},"73":{"start":{"line":184,"column":12},"end":{"line":187,"column":13}},"74":{"start":{"line":184,"column":25},"end":{"line":184,"column":26}},"75":{"start":{"line":185,"column":35},"end":{"line":185,"column":68}},"76":{"start":{"line":186,"column":16},"end":{"line":186,"column":40}},"77":{"start":{"line":190,"column":28},"end":{"line":190,"column":70}},"78":{"start":{"line":191,"column":31},"end":{"line":191,"column":52}},"79":{"start":{"line":193,"column":12},"end":{"line":193,"column":47}},"80":{"start":{"line":196,"column":12},"end":{"line":198,"column":13}},"81":{"start":{"line":197,"column":16},"end":{"line":197,"column":62}},"82":{"start":{"line":200,"column":12},"end":{"line":200,"column":78}},"83":{"start":{"line":202,"column":12},"end":{"line":202,"column":24}},"84":{"start":{"line":204,"column":12},"end":{"line":204,"column":60}},"85":{"start":{"line":205,"column":12},"end":{"line":205,"column":25}},"86":{"start":{"line":213,"column":8},"end":{"line":234,"column":9}},"87":{"start":{"line":215,"column":47},"end":{"line":215,"column":66}},"88":{"start":{"line":216,"column":29},"end":{"line":216,"column":47}},"89":{"start":{"line":217,"column":36},"end":{"line":217,"column":61}},"90":{"start":{"line":219,"column":12},"end":{"line":222,"column":13}},"91":{"start":{"line":220,"column":16},"end":{"line":220,"column":66}},"92":{"start":{"line":221,"column":16},"end":{"line":221,"column":29}},"93":{"start":{"line":225,"column":29},"end":{"line":225,"column":67}},"94":{"start":{"line":226,"column":12},"end":{"line":226,"column":98}},"95":{"start":{"line":228,"column":12},"end":{"line":228,"column":144}},"96":{"start":{"line":230,"column":12},"end":{"line":230,"column":24}},"97":{"start":{"line":232,"column":12},"end":{"line":232,"column":58}},"98":{"start":{"line":233,"column":12},"end":{"line":233,"column":25}},"99":{"start":{"line":242,"column":28},"end":{"line":242,"column":40}},"100":{"start":{"line":243,"column":23},"end":{"line":243,"column":38}},"101":{"start":{"line":246,"column":8},"end":{"line":246,"column":53}},"102":{"start":{"line":247,"column":8},"end":{"line":247,"column":50}},"103":{"start":{"line":250,"column":25},"end":{"line":250,"column":51}},"104":{"start":{"line":251,"column":8},"end":{"line":256,"column":20}},"105":{"start":{"line":252,"column":12},"end":{"line":252,"column":57}},"106":{"start":{"line":253,"column":12},"end":{"line":253,"column":109}},"107":{"start":{"line":254,"column":12},"end":{"line":254,"column":78}},"108":{"start":{"line":255,"column":12},"end":{"line":255,"column":35}},"109":{"start":{"line":258,"column":8},"end":{"line":258,"column":104}},"110":{"start":{"line":259,"column":8},"end":{"line":259,"column":20}},"111":{"start":{"line":267,"column":8},"end":{"line":267,"column":48}},"112":{"start":{"line":270,"column":8},"end":{"line":276,"column":11}},"113":{"start":{"line":279,"column":22},"end":{"line":281,"column":34}},"114":{"start":{"line":280,"column":12},"end":{"line":280,"column":49}},"115":{"start":{"line":283,"column":8},"end":{"line":283,"column":47}},"116":{"start":{"line":286,"column":8},"end":{"line":288,"column":9}},"117":{"start":{"line":287,"column":12},"end":{"line":287,"column":31}},"118":{"start":{"line":295,"column":23},"end":{"line":295,"column":55}},"119":{"start":{"line":296,"column":8},"end":{"line":296,"column":28}},"120":{"start":{"line":296,"column":21},"end":{"line":296,"column":28}},"121":{"start":{"line":298,"column":8},"end":{"line":303,"column":9}},"122":{"start":{"line":300,"column":16},"end":{"line":300,"column":70}},"123":{"start":{"line":301,"column":16},"end":{"line":301,"column":83}},"124":{"start":{"line":302,"column":16},"end":{"line":302,"column":22}},"125":{"start":{"line":306,"column":8},"end":{"line":306,"column":44}},"126":{"start":{"line":308,"column":22},"end":{"line":308,"column":53}},"127":{"start":{"line":309,"column":8},"end":{"line":312,"column":9}},"128":{"start":{"line":310,"column":12},"end":{"line":310,"column":32}},"129":{"start":{"line":311,"column":12},"end":{"line":311,"column":47}},"130":{"start":{"line":315,"column":8},"end":{"line":317,"column":9}},"131":{"start":{"line":316,"column":12},"end":{"line":316,"column":31}},"132":{"start":{"line":319,"column":8},"end":{"line":319,"column":31}},"133":{"start":{"line":326,"column":8},"end":{"line":347,"column":9}},"134":{"start":{"line":328,"column":12},"end":{"line":343,"column":13}},"135":{"start":{"line":329,"column":30},"end":{"line":329,"column":48}},"136":{"start":{"line":330,"column":33},"end":{"line":330,"column":41}},"137":{"start":{"line":331,"column":30},"end":{"line":331,"column":71}},"138":{"start":{"line":333,"column":43},"end":{"line":333,"column":84}},"139":{"start":{"line":333,"column":72},"end":{"line":333,"column":83}},"140":{"start":{"line":335,"column":28},"end":{"line":335,"column":33}},"141":{"start":{"line":336,"column":16},"end":{"line":338,"column":17}},"142":{"start":{"line":336,"column":29},"end":{"line":336,"column":30}},"143":{"start":{"line":337,"column":20},"end":{"line":337,"column":69}},"144":{"start":{"line":340,"column":16},"end":{"line":340,"column":29}},"145":{"start":{"line":342,"column":16},"end":{"line":342,"column":46}},"146":{"start":{"line":345,"column":12},"end":{"line":345,"column":69}},"147":{"start":{"line":346,"column":12},"end":{"line":346,"column":21}},"148":{"start":{"line":354,"column":8},"end":{"line":357,"column":11}},"149":{"start":{"line":355,"column":23},"end":{"line":355,"column":64}},"150":{"start":{"line":356,"column":12},"end":{"line":356,"column":33}},"151":{"start":{"line":364,"column":26},"end":{"line":364,"column":51}},"152":{"start":{"line":366,"column":8},"end":{"line":388,"column":9}},"153":{"start":{"line":366,"column":21},"end":{"line":366,"column":22}},"154":{"start":{"line":367,"column":25},"end":{"line":367,"column":37}},"155":{"start":{"line":368,"column":23},"end":{"line":368,"column":64}},"156":{"start":{"line":370,"column":12},"end":{"line":387,"column":13}},"157":{"start":{"line":371,"column":16},"end":{"line":386,"column":17}},"158":{"start":{"line":373,"column":20},"end":{"line":373,"column":43}},"159":{"start":{"line":374,"column":20},"end":{"line":374,"column":26}},"160":{"start":{"line":377,"column":44},"end":{"line":377,"column":62}},"161":{"start":{"line":378,"column":20},"end":{"line":384,"column":21}},"162":{"start":{"line":380,"column":24},"end":{"line":380,"column":47}},"163":{"start":{"line":383,"column":24},"end":{"line":383,"column":67}},"164":{"start":{"line":385,"column":20},"end":{"line":385,"column":26}},"165":{"start":{"line":396,"column":8},"end":{"line":398,"column":9}},"166":{"start":{"line":397,"column":12},"end":{"line":397,"column":35}},"167":{"start":{"line":401,"column":8},"end":{"line":403,"column":9}},"168":{"start":{"line":402,"column":12},"end":{"line":402,"column":30}},"169":{"start":{"line":406,"column":8},"end":{"line":408,"column":9}},"170":{"start":{"line":407,"column":12},"end":{"line":407,"column":28}},"171":{"start":{"line":415,"column":24},"end":{"line":415,"column":26}},"172":{"start":{"line":416,"column":8},"end":{"line":428,"column":9}},"173":{"start":{"line":417,"column":29},"end":{"line":417,"column":56}},"174":{"start":{"line":418,"column":12},"end":{"line":427,"column":13}},"175":{"start":{"line":419,"column":16},"end":{"line":423,"column":19}},"176":{"start":{"line":426,"column":16},"end":{"line":426,"column":47}},"177":{"start":{"line":429,"column":8},"end":{"line":429,"column":23}},"178":{"start":{"line":436,"column":8},"end":{"line":438,"column":9}},"179":{"start":{"line":437,"column":12},"end":{"line":437,"column":49}},"180":{"start":{"line":443,"column":25},"end":{"line":443,"column":47}},"181":{"start":{"line":446,"column":0},"end":{"line":448,"column":2}},"182":{"start":{"line":447,"column":4},"end":{"line":447,"column":64}},"183":{"start":{"line":450,"column":0},"end":{"line":452,"column":2}},"184":{"start":{"line":451,"column":4},"end":{"line":451,"column":47}},"185":{"start":{"line":454,"column":0},"end":{"line":456,"column":2}},"186":{"start":{"line":455,"column":4},"end":{"line":455,"column":39}},"187":{"start":{"line":459,"column":0},"end":{"line":461,"column":1}},"188":{"start":{"line":460,"column":4},"end":{"line":460,"column":60}},"189":{"start":{"line":463,"column":0},"end":{"line":463,"column":53}}},"fnMap":{"0":{"name":"(anonymous_0)","decl":{"start":{"line":6,"column":4},"end":{"line":6,"column":5}},"loc":{"start":{"line":6,"column":18},"end":{"line":9,"column":5}},"line":6},"1":{"name":"(anonymous_1)","decl":{"start":{"line":17,"column":4},"end":{"line":17,"column":5}},"loc":{"start":{"line":17,"column":44},"end":{"line":62,"column":5}},"line":17},"2":{"name":"(anonymous_2)","decl":{"start":{"line":70,"column":4},"end":{"line":70,"column":5}},"loc":{"start":{"line":70,"column":44},"end":{"line":86,"column":5}},"line":70},"3":{"name":"(anonymous_3)","decl":{"start":{"line":95,"column":4},"end":{"line":95,"column":5}},"loc":{"start":{"line":95,"column":46},"end":{"line":125,"column":5}},"line":95},"4":{"name":"(anonymous_4)","decl":{"start":{"line":130,"column":4},"end":{"line":130,"column":5}},"loc":{"start":{"line":130,"column":56},"end":{"line":166,"column":5}},"line":130},"5":{"name":"(anonymous_5)","decl":{"start":{"line":171,"column":4},"end":{"line":171,"column":5}},"loc":{"start":{"line":171,"column":64},"end":{"line":207,"column":5}},"line":171},"6":{"name":"(anonymous_6)","decl":{"start":{"line":212,"column":4},"end":{"line":212,"column":5}},"loc":{"start":{"line":212,"column":54},"end":{"line":235,"column":5}},"line":212},"7":{"name":"(anonymous_7)","decl":{"start":{"line":240,"column":4},"end":{"line":240,"column":5}},"loc":{"start":{"line":240,"column":46},"end":{"line":260,"column":5}},"line":240},"8":{"name":"(anonymous_8)","decl":{"start":{"line":251,"column":19},"end":{"line":251,"column":20}},"loc":{"start":{"line":251,"column":25},"end":{"line":256,"column":9}},"line":251},"9":{"name":"(anonymous_9)","decl":{"start":{"line":265,"column":4},"end":{"line":265,"column":5}},"loc":{"start":{"line":265,"column":80},"end":{"line":289,"column":5}},"line":265},"10":{"name":"(anonymous_10)","decl":{"start":{"line":279,"column":33},"end":{"line":279,"column":34}},"loc":{"start":{"line":279,"column":39},"end":{"line":281,"column":9}},"line":279},"11":{"name":"(anonymous_11)","decl":{"start":{"line":294,"column":4},"end":{"line":294,"column":5}},"loc":{"start":{"line":294,"column":36},"end":{"line":320,"column":5}},"line":294},"12":{"name":"(anonymous_12)","decl":{"start":{"line":325,"column":4},"end":{"line":325,"column":5}},"loc":{"start":{"line":325,"column":29},"end":{"line":348,"column":5}},"line":325},"13":{"name":"(anonymous_13)","decl":{"start":{"line":333,"column":67},"end":{"line":333,"column":68}},"loc":{"start":{"line":333,"column":72},"end":{"line":333,"column":83}},"line":333},"14":{"name":"(anonymous_14)","decl":{"start":{"line":353,"column":4},"end":{"line":353,"column":5}},"loc":{"start":{"line":353,"column":32},"end":{"line":358,"column":5}},"line":353},"15":{"name":"(anonymous_15)","decl":{"start":{"line":354,"column":46},"end":{"line":354,"column":47}},"loc":{"start":{"line":354,"column":54},"end":{"line":357,"column":9}},"line":354},"16":{"name":"(anonymous_16)","decl":{"start":{"line":363,"column":4},"end":{"line":363,"column":5}},"loc":{"start":{"line":363,"column":50},"end":{"line":389,"column":5}},"line":363},"17":{"name":"(anonymous_17)","decl":{"start":{"line":394,"column":4},"end":{"line":394,"column":5}},"loc":{"start":{"line":394,"column":22},"end":{"line":409,"column":5}},"line":394},"18":{"name":"(anonymous_18)","decl":{"start":{"line":414,"column":4},"end":{"line":414,"column":5}},"loc":{"start":{"line":414,"column":23},"end":{"line":430,"column":5}},"line":414},"19":{"name":"(anonymous_19)","decl":{"start":{"line":435,"column":4},"end":{"line":435,"column":5}},"loc":{"start":{"line":435,"column":22},"end":{"line":439,"column":5}},"line":435},"20":{"name":"(anonymous_20)","decl":{"start":{"line":446,"column":27},"end":{"line":446,"column":28}},"loc":{"start":{"line":446,"column":53},"end":{"line":448,"column":1}},"line":446},"21":{"name":"(anonymous_21)","decl":{"start":{"line":450,"column":26},"end":{"line":450,"column":27}},"loc":{"start":{"line":450,"column":32},"end":{"line":452,"column":1}},"line":450},"22":{"name":"(anonymous_22)","decl":{"start":{"line":454,"column":25},"end":{"line":454,"column":26}},"loc":{"start":{"line":454,"column":31},"end":{"line":456,"column":1}},"line":454}},"branchMap":{"0":{"loc":{"start":{"line":17,"column":30},"end":{"line":17,"column":42}},"type":"default-arg","locations":[{"start":{"line":17,"column":41},"end":{"line":17,"column":42}}],"line":17},"1":{"loc":{"start":{"line":20,"column":8},"end":{"line":23,"column":9}},"type":"if","locations":[{"start":{"line":20,"column":8},"end":{"line":23,"column":9}},{"start":{},"end":{}}],"line":20},"2":{"loc":{"start":{"line":27,"column":8},"end":{"line":30,"column":9}},"type":"if","locations":[{"start":{"line":27,"column":8},"end":{"line":30,"column":9}},{"start":{},"end":{}}],"line":27},"3":{"loc":{"start":{"line":27,"column":12},"end":{"line":27,"column":55}},"type":"binary-expr","locations":[{"start":{"line":27,"column":12},"end":{"line":27,"column":21}},{"start":{"line":27,"column":25},"end":{"line":27,"column":55}}],"line":27},"4":{"loc":{"start":{"line":33,"column":34},"end":{"line":33,"column":103}},"type":"cond-expr","locations":[{"start":{"line":33,"column":70},"end":{"line":33,"column":71}},{"start":{"line":33,"column":75},"end":{"line":33,"column":102}}],"line":33},"5":{"loc":{"start":{"line":33,"column":75},"end":{"line":33,"column":102}},"type":"binary-expr","locations":[{"start":{"line":33,"column":75},"end":{"line":33,"column":97}},{"start":{"line":33,"column":101},"end":{"line":33,"column":102}}],"line":33},"6":{"loc":{"start":{"line":34,"column":8},"end":{"line":37,"column":9}},"type":"if","locations":[{"start":{"line":34,"column":8},"end":{"line":37,"column":9}},{"start":{},"end":{}}],"line":34},"7":{"loc":{"start":{"line":42,"column":8},"end":{"line":59,"column":9}},"type":"if","locations":[{"start":{"line":42,"column":8},"end":{"line":59,"column":9}},{"start":{},"end":{}}],"line":42},"8":{"loc":{"start":{"line":53,"column":12},"end":{"line":55,"column":13}},"type":"if","locations":[{"start":{"line":53,"column":12},"end":{"line":55,"column":13}},{"start":{},"end":{}}],"line":53},"9":{"loc":{"start":{"line":70,"column":30},"end":{"line":70,"column":42}},"type":"default-arg","locations":[{"start":{"line":70,"column":41},"end":{"line":70,"column":42}}],"line":70},"10":{"loc":{"start":{"line":71,"column":8},"end":{"line":74,"column":9}},"type":"if","locations":[{"start":{"line":71,"column":8},"end":{"line":74,"column":9}},{"start":{},"end":{}}],"line":71},"11":{"loc":{"start":{"line":76,"column":24},"end":{"line":76,"column":92}},"type":"cond-expr","locations":[{"start":{"line":76,"column":57},"end":{"line":76,"column":72}},{"start":{"line":76,"column":75},"end":{"line":76,"column":92}}],"line":76},"12":{"loc":{"start":{"line":80,"column":12},"end":{"line":82,"column":13}},"type":"if","locations":[{"start":{"line":80,"column":12},"end":{"line":82,"column":13}},{"start":{},"end":{}}],"line":80},"13":{"loc":{"start":{"line":98,"column":8},"end":{"line":124,"column":9}},"type":"switch","locations":[{"start":{"line":99,"column":12},"end":{"line":100,"column":85}},{"start":{"line":102,"column":12},"end":{"line":102,"column":32}},{"start":{"line":103,"column":12},"end":{"line":104,"column":93}},{"start":{"line":106,"column":12},"end":{"line":107,"column":81}},{"start":{"line":109,"column":12},"end":{"line":110,"column":86}},{"start":{"line":112,"column":12},"end":{"line":113,"column":82}},{"start":{"line":115,"column":12},"end":{"line":116,"column":70}},{"start":{"line":118,"column":12},"end":{"line":119,"column":78}},{"start":{"line":121,"column":12},"end":{"line":123,"column":29}}],"line":98},"14":{"loc":{"start":{"line":136,"column":12},"end":{"line":139,"column":13}},"type":"if","locations":[{"start":{"line":136,"column":12},"end":{"line":139,"column":13}},{"start":{},"end":{}}],"line":136},"15":{"loc":{"start":{"line":155,"column":12},"end":{"line":157,"column":13}},"type":"if","locations":[{"start":{"line":155,"column":12},"end":{"line":157,"column":13}},{"start":{},"end":{}}],"line":155},"16":{"loc":{"start":{"line":177,"column":12},"end":{"line":180,"column":13}},"type":"if","locations":[{"start":{"line":177,"column":12},"end":{"line":180,"column":13}},{"start":{},"end":{}}],"line":177},"17":{"loc":{"start":{"line":196,"column":12},"end":{"line":198,"column":13}},"type":"if","locations":[{"start":{"line":196,"column":12},"end":{"line":198,"column":13}},{"start":{},"end":{}}],"line":196},"18":{"loc":{"start":{"line":217,"column":36},"end":{"line":217,"column":61}},"type":"binary-expr","locations":[{"start":{"line":217,"column":36},"end":{"line":217,"column":54}},{"start":{"line":217,"column":58},"end":{"line":217,"column":61}}],"line":217},"19":{"loc":{"start":{"line":219,"column":12},"end":{"line":222,"column":13}},"type":"if","locations":[{"start":{"line":219,"column":12},"end":{"line":222,"column":13}},{"start":{},"end":{}}],"line":219},"20":{"loc":{"start":{"line":286,"column":8},"end":{"line":288,"column":9}},"type":"if","locations":[{"start":{"line":286,"column":8},"end":{"line":288,"column":9}},{"start":{},"end":{}}],"line":286},"21":{"loc":{"start":{"line":296,"column":8},"end":{"line":296,"column":28}},"type":"if","locations":[{"start":{"line":296,"column":8},"end":{"line":296,"column":28}},{"start":{},"end":{}}],"line":296},"22":{"loc":{"start":{"line":298,"column":8},"end":{"line":303,"column":9}},"type":"switch","locations":[{"start":{"line":299,"column":12},"end":{"line":302,"column":22}}],"line":298},"23":{"loc":{"start":{"line":309,"column":8},"end":{"line":312,"column":9}},"type":"if","locations":[{"start":{"line":309,"column":8},"end":{"line":312,"column":9}},{"start":{},"end":{}}],"line":309},"24":{"loc":{"start":{"line":315,"column":8},"end":{"line":317,"column":9}},"type":"if","locations":[{"start":{"line":315,"column":8},"end":{"line":317,"column":9}},{"start":{},"end":{}}],"line":315},"25":{"loc":{"start":{"line":328,"column":12},"end":{"line":343,"column":13}},"type":"if","locations":[{"start":{"line":328,"column":12},"end":{"line":343,"column":13}},{"start":{"line":341,"column":19},"end":{"line":343,"column":13}}],"line":328},"26":{"loc":{"start":{"line":331,"column":30},"end":{"line":331,"column":71}},"type":"cond-expr","locations":[{"start":{"line":331,"column":49},"end":{"line":331,"column":67}},{"start":{"line":331,"column":70},"end":{"line":331,"column":71}}],"line":331},"27":{"loc":{"start":{"line":342,"column":23},"end":{"line":342,"column":45}},"type":"binary-expr","locations":[{"start":{"line":342,"column":23},"end":{"line":342,"column":40}},{"start":{"line":342,"column":44},"end":{"line":342,"column":45}}],"line":342},"28":{"loc":{"start":{"line":355,"column":23},"end":{"line":355,"column":64}},"type":"cond-expr","locations":[{"start":{"line":355,"column":50},"end":{"line":355,"column":54}},{"start":{"line":355,"column":57},"end":{"line":355,"column":64}}],"line":355},"29":{"loc":{"start":{"line":363,"column":36},"end":{"line":363,"column":48}},"type":"default-arg","locations":[{"start":{"line":363,"column":47},"end":{"line":363,"column":48}}],"line":363},"30":{"loc":{"start":{"line":368,"column":23},"end":{"line":368,"column":64}},"type":"cond-expr","locations":[{"start":{"line":368,"column":50},"end":{"line":368,"column":54}},{"start":{"line":368,"column":57},"end":{"line":368,"column":64}}],"line":368},"31":{"loc":{"start":{"line":370,"column":12},"end":{"line":387,"column":13}},"type":"if","locations":[{"start":{"line":370,"column":12},"end":{"line":387,"column":13}},{"start":{},"end":{}}],"line":370},"32":{"loc":{"start":{"line":371,"column":16},"end":{"line":386,"column":17}},"type":"if","locations":[{"start":{"line":371,"column":16},"end":{"line":386,"column":17}},{"start":{"line":375,"column":23},"end":{"line":386,"column":17}}],"line":371},"33":{"loc":{"start":{"line":377,"column":44},"end":{"line":377,"column":62}},"type":"binary-expr","locations":[{"start":{"line":377,"column":44},"end":{"line":377,"column":57}},{"start":{"line":377,"column":61},"end":{"line":377,"column":62}}],"line":377},"34":{"loc":{"start":{"line":378,"column":20},"end":{"line":384,"column":21}},"type":"if","locations":[{"start":{"line":378,"column":20},"end":{"line":384,"column":21}},{"start":{"line":381,"column":27},"end":{"line":384,"column":21}}],"line":378},"35":{"loc":{"start":{"line":396,"column":8},"end":{"line":398,"column":9}},"type":"if","locations":[{"start":{"line":396,"column":8},"end":{"line":398,"column":9}},{"start":{},"end":{}}],"line":396},"36":{"loc":{"start":{"line":401,"column":8},"end":{"line":403,"column":9}},"type":"if","locations":[{"start":{"line":401,"column":8},"end":{"line":403,"column":9}},{"start":{},"end":{}}],"line":401},"37":{"loc":{"start":{"line":406,"column":8},"end":{"line":408,"column":9}},"type":"if","locations":[{"start":{"line":406,"column":8},"end":{"line":408,"column":9}},{"start":{},"end":{}}],"line":406},"38":{"loc":{"start":{"line":418,"column":12},"end":{"line":427,"column":13}},"type":"if","locations":[{"start":{"line":418,"column":12},"end":{"line":427,"column":13}},{"start":{"line":424,"column":19},"end":{"line":427,"column":13}}],"line":418},"39":{"loc":{"start":{"line":446,"column":36},"end":{"line":446,"column":48}},"type":"default-arg","locations":[{"start":{"line":446,"column":47},"end":{"line":446,"column":48}}],"line":446},"40":{"loc":{"start":{"line":459,"column":0},"end":{"line":461,"column":1}},"type":"if","locations":[{"start":{"line":459,"column":0},"end":{"line":461,"column":1}},{"start":{},"end":{}}],"line":459},"41":{"loc":{"start":{"line":459,"column":4},"end":{"line":459,"column":51}},"type":"binary-expr","locations":[{"start":{"line":459,"column":4},"end":{"line":459,"column":33}},{"start":{"line":459,"column":37},"end":{"line":459,"column":51}}],"line":459}},"s":{"0":3,"1":3,"2":0,"3":0,"4":0,"5":0,"6":0,"7":0,"8":0,"9":0,"10":0,"11":0,"12":0,"13":0,"14":0,"15":0,"16":0,"17":0,"18":0,"19":0,"20":0,"21":0,"22":0,"23":0,"24":0,"25":0,"26":0,"27":0,"28":0,"29":0,"30":0,"31":0,"32":0,"33":0,"34":0,"35":0,"36":0,"37":0,"38":0,"39":0,"40":0,"41":0,"42":0,"43":0,"44":0,"45":0,"46":0,"47":0,"48":0,"49":0,"50":0,"51":0,"52":0,"53":0,"54":0,"55":0,"56":0,"57":0,"58":0,"59":0,"60":0,"61":0,"62":0,"63":0,"64":0,"65":0,"66":0,"67":0,"68":0,"69":0,"70":0,"71":0,"72":0,"73":0,"74":0,"75":0,"76":0,"77":0,"78":0,"79":0,"80":0,"81":0,"82":0,"83":0,"84":0,"85":0,"86":0,"87":0,"88":0,"89":0,"90":0,"91":0,"92":0,"93":0,"94":0,"95":0,"96":0,"97":0,"98":0,"99":0,"100":0,"101":0,"102":0,"103":0,"104":0,"105":0,"106":0,"107":0,"108":0,"109":0,"110":0,"111":0,"112":0,"113":0,"114":0,"115":0,"116":0,"117":0,"118":0,"119":0,"120":0,"121":0,"122":0,"123":0,"124":0,"125":0,"126":0,"127":0,"128":0,"129":0,"130":0,"131":0,"132":0,"133":1,"134":1,"135":1,"136":1,"137":1,"138":1,"139":2,"140":1,"141":1,"142":1,"143":2,"144":1,"145":0,"146":0,"147":0,"148":0,"149":0,"150":0,"151":3,"152":3,"153":3,"154":3,"155":3,"156":3,"157":3,"158":1,"159":1,"160":2,"161":2,"162":1,"163":1,"164":2,"165":0,"166":0,"167":0,"168":0,"169":0,"170":0,"171":0,"172":0,"173":0,"174":0,"175":0,"176":0,"177":0,"178":0,"179":0,"180":1,"181":1,"182":0,"183":1,"184":0,"185":1,"186":0,"187":1,"188":1,"189":1},"f":{"0":3,"1":0,"2":0,"3":0,"4":0,"5":0,"6":0,"7":0,"8":0,"9":0,"10":0,"11":0,"12":1,"13":2,"14":0,"15":0,"16":3,"17":0,"18":0,"19":0,"20":0,"21":0,"22":0},"b":{"0":[0],"1":[0,0],"2":[0,0],"3":[0,0],"4":[0,0],"5":[0,0],"6":[0,0],"7":[0,0],"8":[0,0],"9":[0],"10":[0,0],"11":[0,0],"12":[0,0],"13":[0,0,0,0,0,0,0,0,0],"14":[0,0],"15":[0,0],"16":[0,0],"17":[0,0],"18":[0,0],"19":[0,0],"20":[0,0],"21":[0,0],"22":[0],"23":[0,0],"24":[0,0],"25":[1,0],"26":[1,0],"27":[0,0],"28":[0,0],"29":[1],"30":[1,2],"31":[3,0],"32":[1,2],"33":[2,0],"34":[1,1],"35":[0,0],"36":[0,0],"37":[0,0],"38":[0,0],"39":[0],"40":[1,0],"41":[1,1]},"_coverageSchema":"1a1c01bbd47fc00a2c39e90264f33305004495a9","hash":"640a85ee2fc6dc2a1a95f0c703325f0b956c56bb"}
}
