{"C:\\Users\\scott\\OneDrive\\Desktop\\Game Development\\Ehix - The Triune Convergence\\src\\assets\\js\\systems\\consumableSystem.js": {"path":"C:\\Users\\scott\\OneDrive\\Desktop\\Game Development\\Ehix - The Triune Convergence\\src\\assets\\js\\systems\\consumableSystem.js","statementMap":{"0":{"start":{"line":7,"column":8},"end":{"line":7,"column":39}},"1":{"start":{"line":8,"column":8},"end":{"line":8,"column":38}},"2":{"start":{"line":19,"column":30},"end":{"line":19,"column":62}},"3":{"start":{"line":20,"column":8},"end":{"line":23,"column":9}},"4":{"start":{"line":21,"column":12},"end":{"line":21,"column":69}},"5":{"start":{"line":22,"column":12},"end":{"line":22,"column":25}},"6":{"start":{"line":26,"column":25},"end":{"line":26,"column":42}},"7":{"start":{"line":27,"column":8},"end":{"line":30,"column":9}},"8":{"start":{"line":28,"column":12},"end":{"line":28,"column":70}},"9":{"start":{"line":29,"column":12},"end":{"line":29,"column":25}},"10":{"start":{"line":33,"column":34},"end":{"line":33,"column":103}},"11":{"start":{"line":34,"column":8},"end":{"line":37,"column":9}},"12":{"start":{"line":35,"column":12},"end":{"line":35,"column":118}},"13":{"start":{"line":36,"column":12},"end":{"line":36,"column":25}},"14":{"start":{"line":40,"column":24},"end":{"line":40,"column":64}},"15":{"start":{"line":42,"column":8},"end":{"line":59,"column":9}},"16":{"start":{"line":44,"column":12},"end":{"line":44,"column":59}},"17":{"start":{"line":47,"column":12},"end":{"line":47,"column":77}},"18":{"start":{"line":50,"column":12},"end":{"line":50,"column":35}},"19":{"start":{"line":53,"column":12},"end":{"line":55,"column":13}},"20":{"start":{"line":54,"column":16},"end":{"line":54,"column":67}},"21":{"start":{"line":57,"column":12},"end":{"line":57,"column":74}},"22":{"start":{"line":58,"column":12},"end":{"line":58,"column":24}},"23":{"start":{"line":61,"column":8},"end":{"line":61,"column":21}},"24":{"start":{"line":71,"column":8},"end":{"line":74,"column":9}},"25":{"start":{"line":72,"column":12},"end":{"line":72,"column":67}},"26":{"start":{"line":73,"column":12},"end":{"line":73,"column":25}},"27":{"start":{"line":76,"column":24},"end":{"line":76,"column":92}},"28":{"start":{"line":77,"column":31},"end":{"line":77,"column":36}},"29":{"start":{"line":79,"column":8},"end":{"line":83,"column":9}},"30":{"start":{"line":80,"column":12},"end":{"line":82,"column":13}},"31":{"start":{"line":81,"column":16},"end":{"line":81,"column":40}},"32":{"start":{"line":85,"column":8},"end":{"line":85,"column":32}},"33":{"start":{"line":96,"column":42},"end":{"line":96,"column":59}},"34":{"start":{"line":98,"column":8},"end":{"line":124,"column":9}},"35":{"start":{"line":100,"column":16},"end":{"line":100,"column":85}},"36":{"start":{"line":104,"column":16},"end":{"line":104,"column":93}},"37":{"start":{"line":107,"column":16},"end":{"line":107,"column":81}},"38":{"start":{"line":110,"column":16},"end":{"line":110,"column":86}},"39":{"start":{"line":113,"column":16},"end":{"line":113,"column":82}},"40":{"start":{"line":116,"column":16},"end":{"line":116,"column":70}},"41":{"start":{"line":119,"column":16},"end":{"line":119,"column":78}},"42":{"start":{"line":122,"column":16},"end":{"line":122,"column":67}},"43":{"start":{"line":123,"column":16},"end":{"line":123,"column":29}},"44":{"start":{"line":131,"column":8},"end":{"line":165,"column":9}},"45":{"start":{"line":132,"column":27},"end":{"line":132,"column":42}},"46":{"start":{"line":133,"column":34},"end":{"line":133,"column":60}},"47":{"start":{"line":134,"column":30},"end":{"line":134,"column":59}},"48":{"start":{"line":136,"column":12},"end":{"line":139,"column":13}},"49":{"start":{"line":137,"column":16},"end":{"line":137,"column":75}},"50":{"start":{"line":138,"column":16},"end":{"line":138,"column":29}},"51":{"start":{"line":142,"column":31},"end":{"line":142,"column":32}},"52":{"start":{"line":143,"column":12},"end":{"line":146,"column":13}},"53":{"start":{"line":143,"column":25},"end":{"line":143,"column":26}},"54":{"start":{"line":144,"column":35},"end":{"line":144,"column":68}},"55":{"start":{"line":145,"column":16},"end":{"line":145,"column":43}},"56":{"start":{"line":149,"column":30},"end":{"line":149,"column":79}},"57":{"start":{"line":150,"column":34},"end":{"line":150,"column":59}},"58":{"start":{"line":152,"column":12},"end":{"line":152,"column":51}},"59":{"start":{"line":155,"column":12},"end":{"line":157,"column":13}},"60":{"start":{"line":156,"column":16},"end":{"line":156,"column":66}},"61":{"start":{"line":159,"column":12},"end":{"line":159,"column":83}},"62":{"start":{"line":161,"column":12},"end":{"line":161,"column":24}},"63":{"start":{"line":163,"column":12},"end":{"line":163,"column":63}},"64":{"start":{"line":164,"column":12},"end":{"line":164,"column":25}},"65":{"start":{"line":172,"column":8},"end":{"line":206,"column":9}},"66":{"start":{"line":173,"column":27},"end":{"line":173,"column":42}},"67":{"start":{"line":174,"column":32},"end":{"line":174,"column":56}},"68":{"start":{"line":175,"column":28},"end":{"line":175,"column":55}},"69":{"start":{"line":177,"column":12},"end":{"line":180,"column":13}},"70":{"start":{"line":178,"column":16},"end":{"line":178,"column":70}},"71":{"start":{"line":179,"column":16},"end":{"line":179,"column":29}},"72":{"start":{"line":183,"column":28},"end":{"line":183,"column":29}},"73":{"start":{"line":184,"column":12},"end":{"line":187,"column":13}},"74":{"start":{"line":184,"column":25},"end":{"line":184,"column":26}},"75":{"start":{"line":185,"column":35},"end":{"line":185,"column":68}},"76":{"start":{"line":186,"column":16},"end":{"line":186,"column":40}},"77":{"start":{"line":190,"column":28},"end":{"line":190,"column":70}},"78":{"start":{"line":191,"column":31},"end":{"line":191,"column":52}},"79":{"start":{"line":193,"column":12},"end":{"line":193,"column":47}},"80":{"start":{"line":196,"column":12},"end":{"line":198,"column":13}},"81":{"start":{"line":197,"column":16},"end":{"line":197,"column":62}},"82":{"start":{"line":200,"column":12},"end":{"line":200,"column":78}},"83":{"start":{"line":202,"column":12},"end":{"line":202,"column":24}},"84":{"start":{"line":204,"column":12},"end":{"line":204,"column":60}},"85":{"start":{"line":205,"column":12},"end":{"line":205,"column":25}},"86":{"start":{"line":213,"column":8},"end":{"line":234,"column":9}},"87":{"start":{"line":215,"column":47},"end":{"line":215,"column":66}},"88":{"start":{"line":216,"column":29},"end":{"line":216,"column":47}},"89":{"start":{"line":217,"column":36},"end":{"line":217,"column":61}},"90":{"start":{"line":219,"column":12},"end":{"line":222,"column":13}},"91":{"start":{"line":220,"column":16},"end":{"line":220,"column":66}},"92":{"start":{"line":221,"column":16},"end":{"line":221,"column":29}},"93":{"start":{"line":225,"column":29},"end":{"line":225,"column":67}},"94":{"start":{"line":226,"column":12},"end":{"line":226,"column":98}},"95":{"start":{"line":228,"column":12},"end":{"line":228,"column":144}},"96":{"start":{"line":230,"column":12},"end":{"line":230,"column":24}},"97":{"start":{"line":232,"column":12},"end":{"line":232,"column":58}},"98":{"start":{"line":233,"column":12},"end":{"line":233,"column":25}},"99":{"start":{"line":242,"column":28},"end":{"line":242,"column":40}},"100":{"start":{"line":243,"column":23},"end":{"line":243,"column":38}},"101":{"start":{"line":246,"column":8},"end":{"line":246,"column":53}},"102":{"start":{"line":247,"column":8},"end":{"line":247,"column":50}},"103":{"start":{"line":250,"column":25},"end":{"line":250,"column":51}},"104":{"start":{"line":251,"column":8},"end":{"line":256,"column":20}},"105":{"start":{"line":252,"column":12},"end":{"line":252,"column":57}},"106":{"start":{"line":253,"column":12},"end":{"line":253,"column":109}},"107":{"start":{"line":254,"column":12},"end":{"line":254,"column":78}},"108":{"start":{"line":255,"column":12},"end":{"line":255,"column":35}},"109":{"start":{"line":258,"column":8},"end":{"line":258,"column":104}},"110":{"start":{"line":259,"column":8},"end":{"line":259,"column":20}},"111":{"start":{"line":267,"column":8},"end":{"line":267,"column":48}},"112":{"start":{"line":270,"column":8},"end":{"line":276,"column":11}},"113":{"start":{"line":279,"column":22},"end":{"line":281,"column":34}},"114":{"start":{"line":280,"column":12},"end":{"line":280,"column":49}},"115":{"start":{"line":283,"column":8},"end":{"line":283,"column":47}},"116":{"start":{"line":286,"column":8},"end":{"line":288,"column":9}},"117":{"start":{"line":287,"column":12},"end":{"line":287,"column":31}},"118":{"start":{"line":295,"column":23},"end":{"line":295,"column":55}},"119":{"start":{"line":296,"column":8},"end":{"line":296,"column":28}},"120":{"start":{"line":296,"column":21},"end":{"line":296,"column":28}},"121":{"start":{"line":298,"column":8},"end":{"line":303,"column":9}},"122":{"start":{"line":300,"column":16},"end":{"line":300,"column":70}},"123":{"start":{"line":301,"column":16},"end":{"line":301,"column":83}},"124":{"start":{"line":302,"column":16},"end":{"line":302,"column":22}},"125":{"start":{"line":306,"column":8},"end":{"line":306,"column":44}},"126":{"start":{"line":308,"column":22},"end":{"line":308,"column":53}},"127":{"start":{"line":309,"column":8},"end":{"line":312,"column":9}},"128":{"start":{"line":310,"column":12},"end":{"line":310,"column":32}},"129":{"start":{"line":311,"column":12},"end":{"line":311,"column":47}},"130":{"start":{"line":315,"column":8},"end":{"line":317,"column":9}},"131":{"start":{"line":316,"column":12},"end":{"line":316,"column":31}},"132":{"start":{"line":319,"column":8},"end":{"line":319,"column":31}},"133":{"start":{"line":326,"column":8},"end":{"line":347,"column":9}},"134":{"start":{"line":328,"column":12},"end":{"line":343,"column":13}},"135":{"start":{"line":329,"column":30},"end":{"line":329,"column":48}},"136":{"start":{"line":330,"column":33},"end":{"line":330,"column":41}},"137":{"start":{"line":331,"column":30},"end":{"line":331,"column":71}},"138":{"start":{"line":333,"column":43},"end":{"line":333,"column":84}},"139":{"start":{"line":333,"column":72},"end":{"line":333,"column":83}},"140":{"start":{"line":335,"column":28},"end":{"line":335,"column":33}},"141":{"start":{"line":336,"column":16},"end":{"line":338,"column":17}},"142":{"start":{"line":336,"column":29},"end":{"line":336,"column":30}},"143":{"start":{"line":337,"column":20},"end":{"line":337,"column":69}},"144":{"start":{"line":340,"column":16},"end":{"line":340,"column":29}},"145":{"start":{"line":342,"column":16},"end":{"line":342,"column":46}},"146":{"start":{"line":345,"column":12},"end":{"line":345,"column":69}},"147":{"start":{"line":346,"column":12},"end":{"line":346,"column":21}},"148":{"start":{"line":354,"column":8},"end":{"line":357,"column":11}},"149":{"start":{"line":355,"column":23},"end":{"line":355,"column":64}},"150":{"start":{"line":356,"column":12},"end":{"line":356,"column":33}},"151":{"start":{"line":364,"column":26},"end":{"line":364,"column":51}},"152":{"start":{"line":366,"column":8},"end":{"line":388,"column":9}},"153":{"start":{"line":366,"column":21},"end":{"line":366,"column":22}},"154":{"start":{"line":367,"column":25},"end":{"line":367,"column":37}},"155":{"start":{"line":368,"column":23},"end":{"line":368,"column":64}},"156":{"start":{"line":370,"column":12},"end":{"line":387,"column":13}},"157":{"start":{"line":371,"column":16},"end":{"line":386,"column":17}},"158":{"start":{"line":373,"column":20},"end":{"line":373,"column":43}},"159":{"start":{"line":374,"column":20},"end":{"line":374,"column":26}},"160":{"start":{"line":377,"column":44},"end":{"line":377,"column":62}},"161":{"start":{"line":378,"column":20},"end":{"line":384,"column":21}},"162":{"start":{"line":380,"column":24},"end":{"line":380,"column":47}},"163":{"start":{"line":383,"column":24},"end":{"line":383,"column":67}},"164":{"start":{"line":385,"column":20},"end":{"line":385,"column":26}},"165":{"start":{"line":396,"column":8},"end":{"line":398,"column":9}},"166":{"start":{"line":397,"column":12},"end":{"line":397,"column":35}},"167":{"start":{"line":401,"column":8},"end":{"line":403,"column":9}},"168":{"start":{"line":402,"column":12},"end":{"line":402,"column":30}},"169":{"start":{"line":406,"column":8},"end":{"line":408,"column":9}},"170":{"start":{"line":407,"column":12},"end":{"line":407,"column":28}},"171":{"start":{"line":415,"column":24},"end":{"line":415,"column":26}},"172":{"start":{"line":416,"column":8},"end":{"line":428,"column":9}},"173":{"start":{"line":417,"column":29},"end":{"line":417,"column":56}},"174":{"start":{"line":418,"column":12},"end":{"line":427,"column":13}},"175":{"start":{"line":419,"column":16},"end":{"line":423,"column":19}},"176":{"start":{"line":426,"column":16},"end":{"line":426,"column":47}},"177":{"start":{"line":429,"column":8},"end":{"line":429,"column":23}},"178":{"start":{"line":436,"column":8},"end":{"line":438,"column":9}},"179":{"start":{"line":437,"column":12},"end":{"line":437,"column":49}},"180":{"start":{"line":443,"column":25},"end":{"line":443,"column":47}},"181":{"start":{"line":446,"column":0},"end":{"line":448,"column":2}},"182":{"start":{"line":447,"column":4},"end":{"line":447,"column":64}},"183":{"start":{"line":450,"column":0},"end":{"line":452,"column":2}},"184":{"start":{"line":451,"column":4},"end":{"line":451,"column":47}},"185":{"start":{"line":454,"column":0},"end":{"line":456,"column":2}},"186":{"start":{"line":455,"column":4},"end":{"line":455,"column":39}},"187":{"start":{"line":459,"column":0},"end":{"line":461,"column":1}},"188":{"start":{"line":460,"column":4},"end":{"line":460,"column":60}},"189":{"start":{"line":463,"column":0},"end":{"line":463,"column":53}}},"fnMap":{"0":{"name":"(anonymous_0)","decl":{"start":{"line":6,"column":4},"end":{"line":6,"column":5}},"loc":{"start":{"line":6,"column":18},"end":{"line":9,"column":5}},"line":6},"1":{"name":"(anonymous_1)","decl":{"start":{"line":17,"column":4},"end":{"line":17,"column":5}},"loc":{"start":{"line":17,"column":44},"end":{"line":62,"column":5}},"line":17},"2":{"name":"(anonymous_2)","decl":{"start":{"line":70,"column":4},"end":{"line":70,"column":5}},"loc":{"start":{"line":70,"column":44},"end":{"line":86,"column":5}},"line":70},"3":{"name":"(anonymous_3)","decl":{"start":{"line":95,"column":4},"end":{"line":95,"column":5}},"loc":{"start":{"line":95,"column":46},"end":{"line":125,"column":5}},"line":95},"4":{"name":"(anonymous_4)","decl":{"start":{"line":130,"column":4},"end":{"line":130,"column":5}},"loc":{"start":{"line":130,"column":56},"end":{"line":166,"column":5}},"line":130},"5":{"name":"(anonymous_5)","decl":{"start":{"line":171,"column":4},"end":{"line":171,"column":5}},"loc":{"start":{"line":171,"column":64},"end":{"line":207,"column":5}},"line":171},"6":{"name":"(anonymous_6)","decl":{"start":{"line":212,"column":4},"end":{"line":212,"column":5}},"loc":{"start":{"line":212,"column":54},"end":{"line":235,"column":5}},"line":212},"7":{"name":"(anonymous_7)","decl":{"start":{"line":240,"column":4},"end":{"line":240,"column":5}},"loc":{"start":{"line":240,"column":46},"end":{"line":260,"column":5}},"line":240},"8":{"name":"(anonymous_8)","decl":{"start":{"line":251,"column":19},"end":{"line":251,"column":20}},"loc":{"start":{"line":251,"column":25},"end":{"line":256,"column":9}},"line":251},"9":{"name":"(anonymous_9)","decl":{"start":{"line":265,"column":4},"end":{"line":265,"column":5}},"loc":{"start":{"line":265,"column":80},"end":{"line":289,"column":5}},"line":265},"10":{"name":"(anonymous_10)","decl":{"start":{"line":279,"column":33},"end":{"line":279,"column":34}},"loc":{"start":{"line":279,"column":39},"end":{"line":281,"column":9}},"line":279},"11":{"name":"(anonymous_11)","decl":{"start":{"line":294,"column":4},"end":{"line":294,"column":5}},"loc":{"start":{"line":294,"column":36},"end":{"line":320,"column":5}},"line":294},"12":{"name":"(anonymous_12)","decl":{"start":{"line":325,"column":4},"end":{"line":325,"column":5}},"loc":{"start":{"line":325,"column":29},"end":{"line":348,"column":5}},"line":325},"13":{"name":"(anonymous_13)","decl":{"start":{"line":333,"column":67},"end":{"line":333,"column":68}},"loc":{"start":{"line":333,"column":72},"end":{"line":333,"column":83}},"line":333},"14":{"name":"(anonymous_14)","decl":{"start":{"line":353,"column":4},"end":{"line":353,"column":5}},"loc":{"start":{"line":353,"column":32},"end":{"line":358,"column":5}},"line":353},"15":{"name":"(anonymous_15)","decl":{"start":{"line":354,"column":46},"end":{"line":354,"column":47}},"loc":{"start":{"line":354,"column":54},"end":{"line":357,"column":9}},"line":354},"16":{"name":"(anonymous_16)","decl":{"start":{"line":363,"column":4},"end":{"line":363,"column":5}},"loc":{"start":{"line":363,"column":50},"end":{"line":389,"column":5}},"line":363},"17":{"name":"(anonymous_17)","decl":{"start":{"line":394,"column":4},"end":{"line":394,"column":5}},"loc":{"start":{"line":394,"column":22},"end":{"line":409,"column":5}},"line":394},"18":{"name":"(anonymous_18)","decl":{"start":{"line":414,"column":4},"end":{"line":414,"column":5}},"loc":{"start":{"line":414,"column":23},"end":{"line":430,"column":5}},"line":414},"19":{"name":"(anonymous_19)","decl":{"start":{"line":435,"column":4},"end":{"line":435,"column":5}},"loc":{"start":{"line":435,"column":22},"end":{"line":439,"column":5}},"line":435},"20":{"name":"(anonymous_20)","decl":{"start":{"line":446,"column":27},"end":{"line":446,"column":28}},"loc":{"start":{"line":446,"column":53},"end":{"line":448,"column":1}},"line":446},"21":{"name":"(anonymous_21)","decl":{"start":{"line":450,"column":26},"end":{"line":450,"column":27}},"loc":{"start":{"line":450,"column":32},"end":{"line":452,"column":1}},"line":450},"22":{"name":"(anonymous_22)","decl":{"start":{"line":454,"column":25},"end":{"line":454,"column":26}},"loc":{"start":{"line":454,"column":31},"end":{"line":456,"column":1}},"line":454}},"branchMap":{"0":{"loc":{"start":{"line":17,"column":30},"end":{"line":17,"column":42}},"type":"default-arg","locations":[{"start":{"line":17,"column":41},"end":{"line":17,"column":42}}],"line":17},"1":{"loc":{"start":{"line":20,"column":8},"end":{"line":23,"column":9}},"type":"if","locations":[{"start":{"line":20,"column":8},"end":{"line":23,"column":9}},{"start":{},"end":{}}],"line":20},"2":{"loc":{"start":{"line":27,"column":8},"end":{"line":30,"column":9}},"type":"if","locations":[{"start":{"line":27,"column":8},"end":{"line":30,"column":9}},{"start":{},"end":{}}],"line":27},"3":{"loc":{"start":{"line":27,"column":12},"end":{"line":27,"column":55}},"type":"binary-expr","locations":[{"start":{"line":27,"column":12},"end":{"line":27,"column":21}},{"start":{"line":27,"column":25},"end":{"line":27,"column":55}}],"line":27},"4":{"loc":{"start":{"line":33,"column":34},"end":{"line":33,"column":103}},"type":"cond-expr","locations":[{"start":{"line":33,"column":70},"end":{"line":33,"column":71}},{"start":{"line":33,"column":75},"end":{"line":33,"column":102}}],"line":33},"5":{"loc":{"start":{"line":33,"column":75},"end":{"line":33,"column":102}},"type":"binary-expr","locations":[{"start":{"line":33,"column":75},"end":{"line":33,"column":97}},{"start":{"line":33,"column":101},"end":{"line":33,"column":102}}],"line":33},"6":{"loc":{"start":{"line":34,"column":8},"end":{"line":37,"column":9}},"type":"if","locations":[{"start":{"line":34,"column":8},"end":{"line":37,"column":9}},{"start":{},"end":{}}],"line":34},"7":{"loc":{"start":{"line":42,"column":8},"end":{"line":59,"column":9}},"type":"if","locations":[{"start":{"line":42,"column":8},"end":{"line":59,"column":9}},{"start":{},"end":{}}],"line":42},"8":{"loc":{"start":{"line":53,"column":12},"end":{"line":55,"column":13}},"type":"if","locations":[{"start":{"line":53,"column":12},"end":{"line":55,"column":13}},{"start":{},"end":{}}],"line":53},"9":{"loc":{"start":{"line":70,"column":30},"end":{"line":70,"column":42}},"type":"default-arg","locations":[{"start":{"line":70,"column":41},"end":{"line":70,"column":42}}],"line":70},"10":{"loc":{"start":{"line":71,"column":8},"end":{"line":74,"column":9}},"type":"if","locations":[{"start":{"line":71,"column":8},"end":{"line":74,"column":9}},{"start":{},"end":{}}],"line":71},"11":{"loc":{"start":{"line":76,"column":24},"end":{"line":76,"column":92}},"type":"cond-expr","locations":[{"start":{"line":76,"column":57},"end":{"line":76,"column":72}},{"start":{"line":76,"column":75},"end":{"line":76,"column":92}}],"line":76},"12":{"loc":{"start":{"line":80,"column":12},"end":{"line":82,"column":13}},"type":"if","locations":[{"start":{"line":80,"column":12},"end":{"line":82,"column":13}},{"start":{},"end":{}}],"line":80},"13":{"loc":{"start":{"line":98,"column":8},"end":{"line":124,"column":9}},"type":"switch","locations":[{"start":{"line":99,"column":12},"end":{"line":100,"column":85}},{"start":{"line":102,"column":12},"end":{"line":102,"column":32}},{"start":{"line":103,"column":12},"end":{"line":104,"column":93}},{"start":{"line":106,"column":12},"end":{"line":107,"column":81}},{"start":{"line":109,"column":12},"end":{"line":110,"column":86}},{"start":{"line":112,"column":12},"end":{"line":113,"column":82}},{"start":{"line":115,"column":12},"end":{"line":116,"column":70}},{"start":{"line":118,"column":12},"end":{"line":119,"column":78}},{"start":{"line":121,"column":12},"end":{"line":123,"column":29}}],"line":98},"14":{"loc":{"start":{"line":136,"column":12},"end":{"line":139,"column":13}},"type":"if","locations":[{"start":{"line":136,"column":12},"end":{"line":139,"column":13}},{"start":{},"end":{}}],"line":136},"15":{"loc":{"start":{"line":155,"column":12},"end":{"line":157,"column":13}},"type":"if","locations":[{"start":{"line":155,"column":12},"end":{"line":157,"column":13}},{"start":{},"end":{}}],"line":155},"16":{"loc":{"start":{"line":177,"column":12},"end":{"line":180,"column":13}},"type":"if","locations":[{"start":{"line":177,"column":12},"end":{"line":180,"column":13}},{"start":{},"end":{}}],"line":177},"17":{"loc":{"start":{"line":196,"column":12},"end":{"line":198,"column":13}},"type":"if","locations":[{"start":{"line":196,"column":12},"end":{"line":198,"column":13}},{"start":{},"end":{}}],"line":196},"18":{"loc":{"start":{"line":217,"column":36},"end":{"line":217,"column":61}},"type":"binary-expr","locations":[{"start":{"line":217,"column":36},"end":{"line":217,"column":54}},{"start":{"line":217,"column":58},"end":{"line":217,"column":61}}],"line":217},"19":{"loc":{"start":{"line":219,"column":12},"end":{"line":222,"column":13}},"type":"if","locations":[{"start":{"line":219,"column":12},"end":{"line":222,"column":13}},{"start":{},"end":{}}],"line":219},"20":{"loc":{"start":{"line":286,"column":8},"end":{"line":288,"column":9}},"type":"if","locations":[{"start":{"line":286,"column":8},"end":{"line":288,"column":9}},{"start":{},"end":{}}],"line":286},"21":{"loc":{"start":{"line":296,"column":8},"end":{"line":296,"column":28}},"type":"if","locations":[{"start":{"line":296,"column":8},"end":{"line":296,"column":28}},{"start":{},"end":{}}],"line":296},"22":{"loc":{"start":{"line":298,"column":8},"end":{"line":303,"column":9}},"type":"switch","locations":[{"start":{"line":299,"column":12},"end":{"line":302,"column":22}}],"line":298},"23":{"loc":{"start":{"line":309,"column":8},"end":{"line":312,"column":9}},"type":"if","locations":[{"start":{"line":309,"column":8},"end":{"line":312,"column":9}},{"start":{},"end":{}}],"line":309},"24":{"loc":{"start":{"line":315,"column":8},"end":{"line":317,"column":9}},"type":"if","locations":[{"start":{"line":315,"column":8},"end":{"line":317,"column":9}},{"start":{},"end":{}}],"line":315},"25":{"loc":{"start":{"line":328,"column":12},"end":{"line":343,"column":13}},"type":"if","locations":[{"start":{"line":328,"column":12},"end":{"line":343,"column":13}},{"start":{"line":341,"column":19},"end":{"line":343,"column":13}}],"line":328},"26":{"loc":{"start":{"line":331,"column":30},"end":{"line":331,"column":71}},"type":"cond-expr","locations":[{"start":{"line":331,"column":49},"end":{"line":331,"column":67}},{"start":{"line":331,"column":70},"end":{"line":331,"column":71}}],"line":331},"27":{"loc":{"start":{"line":342,"column":23},"end":{"line":342,"column":45}},"type":"binary-expr","locations":[{"start":{"line":342,"column":23},"end":{"line":342,"column":40}},{"start":{"line":342,"column":44},"end":{"line":342,"column":45}}],"line":342},"28":{"loc":{"start":{"line":355,"column":23},"end":{"line":355,"column":64}},"type":"cond-expr","locations":[{"start":{"line":355,"column":50},"end":{"line":355,"column":54}},{"start":{"line":355,"column":57},"end":{"line":355,"column":64}}],"line":355},"29":{"loc":{"start":{"line":363,"column":36},"end":{"line":363,"column":48}},"type":"default-arg","locations":[{"start":{"line":363,"column":47},"end":{"line":363,"column":48}}],"line":363},"30":{"loc":{"start":{"line":368,"column":23},"end":{"line":368,"column":64}},"type":"cond-expr","locations":[{"start":{"line":368,"column":50},"end":{"line":368,"column":54}},{"start":{"line":368,"column":57},"end":{"line":368,"column":64}}],"line":368},"31":{"loc":{"start":{"line":370,"column":12},"end":{"line":387,"column":13}},"type":"if","locations":[{"start":{"line":370,"column":12},"end":{"line":387,"column":13}},{"start":{},"end":{}}],"line":370},"32":{"loc":{"start":{"line":371,"column":16},"end":{"line":386,"column":17}},"type":"if","locations":[{"start":{"line":371,"column":16},"end":{"line":386,"column":17}},{"start":{"line":375,"column":23},"end":{"line":386,"column":17}}],"line":371},"33":{"loc":{"start":{"line":377,"column":44},"end":{"line":377,"column":62}},"type":"binary-expr","locations":[{"start":{"line":377,"column":44},"end":{"line":377,"column":57}},{"start":{"line":377,"column":61},"end":{"line":377,"column":62}}],"line":377},"34":{"loc":{"start":{"line":378,"column":20},"end":{"line":384,"column":21}},"type":"if","locations":[{"start":{"line":378,"column":20},"end":{"line":384,"column":21}},{"start":{"line":381,"column":27},"end":{"line":384,"column":21}}],"line":378},"35":{"loc":{"start":{"line":396,"column":8},"end":{"line":398,"column":9}},"type":"if","locations":[{"start":{"line":396,"column":8},"end":{"line":398,"column":9}},{"start":{},"end":{}}],"line":396},"36":{"loc":{"start":{"line":401,"column":8},"end":{"line":403,"column":9}},"type":"if","locations":[{"start":{"line":401,"column":8},"end":{"line":403,"column":9}},{"start":{},"end":{}}],"line":401},"37":{"loc":{"start":{"line":406,"column":8},"end":{"line":408,"column":9}},"type":"if","locations":[{"start":{"line":406,"column":8},"end":{"line":408,"column":9}},{"start":{},"end":{}}],"line":406},"38":{"loc":{"start":{"line":418,"column":12},"end":{"line":427,"column":13}},"type":"if","locations":[{"start":{"line":418,"column":12},"end":{"line":427,"column":13}},{"start":{"line":424,"column":19},"end":{"line":427,"column":13}}],"line":418},"39":{"loc":{"start":{"line":446,"column":36},"end":{"line":446,"column":48}},"type":"default-arg","locations":[{"start":{"line":446,"column":47},"end":{"line":446,"column":48}}],"line":446},"40":{"loc":{"start":{"line":459,"column":0},"end":{"line":461,"column":1}},"type":"if","locations":[{"start":{"line":459,"column":0},"end":{"line":461,"column":1}},{"start":{},"end":{}}],"line":459},"41":{"loc":{"start":{"line":459,"column":4},"end":{"line":459,"column":51}},"type":"binary-expr","locations":[{"start":{"line":459,"column":4},"end":{"line":459,"column":33}},{"start":{"line":459,"column":37},"end":{"line":459,"column":51}}],"line":459}},"s":{"0":3,"1":3,"2":0,"3":0,"4":0,"5":0,"6":0,"7":0,"8":0,"9":0,"10":0,"11":0,"12":0,"13":0,"14":0,"15":0,"16":0,"17":0,"18":0,"19":0,"20":0,"21":0,"22":0,"23":0,"24":0,"25":0,"26":0,"27":0,"28":0,"29":0,"30":0,"31":0,"32":0,"33":0,"34":0,"35":0,"36":0,"37":0,"38":0,"39":0,"40":0,"41":0,"42":0,"43":0,"44":0,"45":0,"46":0,"47":0,"48":0,"49":0,"50":0,"51":0,"52":0,"53":0,"54":0,"55":0,"56":0,"57":0,"58":0,"59":0,"60":0,"61":0,"62":0,"63":0,"64":0,"65":0,"66":0,"67":0,"68":0,"69":0,"70":0,"71":0,"72":0,"73":0,"74":0,"75":0,"76":0,"77":0,"78":0,"79":0,"80":0,"81":0,"82":0,"83":0,"84":0,"85":0,"86":0,"87":0,"88":0,"89":0,"90":0,"91":0,"92":0,"93":0,"94":0,"95":0,"96":0,"97":0,"98":0,"99":0,"100":0,"101":0,"102":0,"103":0,"104":0,"105":0,"106":0,"107":0,"108":0,"109":0,"110":0,"111":0,"112":0,"113":0,"114":0,"115":0,"116":0,"117":0,"118":0,"119":0,"120":0,"121":0,"122":0,"123":0,"124":0,"125":0,"126":0,"127":0,"128":0,"129":0,"130":0,"131":0,"132":0,"133":1,"134":1,"135":1,"136":1,"137":1,"138":1,"139":2,"140":1,"141":1,"142":1,"143":2,"144":1,"145":0,"146":0,"147":0,"148":0,"149":0,"150":0,"151":3,"152":3,"153":3,"154":3,"155":3,"156":3,"157":3,"158":1,"159":1,"160":2,"161":2,"162":1,"163":1,"164":2,"165":0,"166":0,"167":0,"168":0,"169":0,"170":0,"171":0,"172":0,"173":0,"174":0,"175":0,"176":0,"177":0,"178":0,"179":0,"180":1,"181":1,"182":0,"183":1,"184":0,"185":1,"186":0,"187":1,"188":1,"189":1},"f":{"0":3,"1":0,"2":0,"3":0,"4":0,"5":0,"6":0,"7":0,"8":0,"9":0,"10":0,"11":0,"12":1,"13":2,"14":0,"15":0,"16":3,"17":0,"18":0,"19":0,"20":0,"21":0,"22":0},"b":{"0":[0],"1":[0,0],"2":[0,0],"3":[0,0],"4":[0,0],"5":[0,0],"6":[0,0],"7":[0,0],"8":[0,0],"9":[0],"10":[0,0],"11":[0,0],"12":[0,0],"13":[0,0,0,0,0,0,0,0,0],"14":[0,0],"15":[0,0],"16":[0,0],"17":[0,0],"18":[0,0],"19":[0,0],"20":[0,0],"21":[0,0],"22":[0],"23":[0,0],"24":[0,0],"25":[1,0],"26":[1,0],"27":[0,0],"28":[0,0],"29":[1],"30":[1,2],"31":[3,0],"32":[1,2],"33":[2,0],"34":[1,1],"35":[0,0],"36":[0,0],"37":[0,0],"38":[0,0],"39":[0],"40":[1,0],"41":[1,1]},"_coverageSchema":"1a1c01bbd47fc00a2c39e90264f33305004495a9","hash":"3225c586d7c52bbe50e786254efc3574690e9373"}
,"C:\\Users\\scott\\OneDrive\\Desktop\\Game Development\\Ehix - The Triune Convergence\\src\\assets\\js\\systems\\equipUtils.js": {"path":"C:\\Users\\scott\\OneDrive\\Desktop\\Game Development\\Ehix - The Triune Convergence\\src\\assets\\js\\systems\\equipUtils.js","statementMap":{"0":{"start":{"line":4,"column":17},"end":{"line":4,"column":34}},"1":{"start":{"line":5,"column":4},"end":{"line":5,"column":28}},"2":{"start":{"line":5,"column":15},"end":{"line":5,"column":28}},"3":{"start":{"line":6,"column":20},"end":{"line":6,"column":135}},"4":{"start":{"line":6,"column":62},"end":{"line":6,"column":134}},"5":{"start":{"line":7,"column":4},"end":{"line":7,"column":31}},"6":{"start":{"line":7,"column":18},"end":{"line":7,"column":31}},"7":{"start":{"line":8,"column":4},"end":{"line":8,"column":32}},"8":{"start":{"line":8,"column":15},"end":{"line":8,"column":32}},"9":{"start":{"line":9,"column":4},"end":{"line":9,"column":92}},"10":{"start":{"line":9,"column":27},"end":{"line":9,"column":92}},"11":{"start":{"line":10,"column":4},"end":{"line":10,"column":89}},"12":{"start":{"line":10,"column":76},"end":{"line":10,"column":89}},"13":{"start":{"line":11,"column":4},"end":{"line":11,"column":80}},"14":{"start":{"line":11,"column":41},"end":{"line":11,"column":80}},"15":{"start":{"line":12,"column":19},"end":{"line":12,"column":139}},"16":{"start":{"line":12,"column":66},"end":{"line":12,"column":138}},"17":{"start":{"line":13,"column":4},"end":{"line":25,"column":5}},"18":{"start":{"line":14,"column":8},"end":{"line":24,"column":9}},"19":{"start":{"line":16,"column":12},"end":{"line":16,"column":58}},"20":{"start":{"line":19,"column":12},"end":{"line":23,"column":13}},"21":{"start":{"line":20,"column":16},"end":{"line":20,"column":66}},"22":{"start":{"line":22,"column":16},"end":{"line":22,"column":62}},"23":{"start":{"line":26,"column":4},"end":{"line":26,"column":45}},"24":{"start":{"line":27,"column":4},"end":{"line":27,"column":16}},"25":{"start":{"line":31,"column":19},"end":{"line":31,"column":50}},"26":{"start":{"line":32,"column":4},"end":{"line":32,"column":30}},"27":{"start":{"line":32,"column":17},"end":{"line":32,"column":30}},"28":{"start":{"line":33,"column":4},"end":{"line":33,"column":43}},"29":{"start":{"line":34,"column":18},"end":{"line":34,"column":119}},"30":{"start":{"line":34,"column":57},"end":{"line":34,"column":117}},"31":{"start":{"line":35,"column":4},"end":{"line":39,"column":5}},"32":{"start":{"line":36,"column":8},"end":{"line":36,"column":55}},"33":{"start":{"line":38,"column":8},"end":{"line":38,"column":68}},"34":{"start":{"line":40,"column":4},"end":{"line":40,"column":16}},"35":{"start":{"line":43,"column":0},"end":{"line":43,"column":44}}},"fnMap":{"0":{"name":"equipItem","decl":{"start":{"line":3,"column":9},"end":{"line":3,"column":18}},"loc":{"start":{"line":3,"column":61},"end":{"line":28,"column":1}},"line":3},"1":{"name":"(anonymous_1)","decl":{"start":{"line":6,"column":51},"end":{"line":6,"column":52}},"loc":{"start":{"line":6,"column":62},"end":{"line":6,"column":134}},"line":6},"2":{"name":"(anonymous_2)","decl":{"start":{"line":12,"column":55},"end":{"line":12,"column":56}},"loc":{"start":{"line":12,"column":66},"end":{"line":12,"column":138}},"line":12},"3":{"name":"unequipItem","decl":{"start":{"line":30,"column":9},"end":{"line":30,"column":20}},"loc":{"start":{"line":30,"column":48},"end":{"line":41,"column":1}},"line":30},"4":{"name":"(anonymous_4)","decl":{"start":{"line":34,"column":49},"end":{"line":34,"column":50}},"loc":{"start":{"line":34,"column":57},"end":{"line":34,"column":117}},"line":34}},"branchMap":{"0":{"loc":{"start":{"line":3,"column":48},"end":{"line":3,"column":59}},"type":"default-arg","locations":[{"start":{"line":3,"column":55},"end":{"line":3,"column":59}}],"line":3},"1":{"loc":{"start":{"line":5,"column":4},"end":{"line":5,"column":28}},"type":"if","locations":[{"start":{"line":5,"column":4},"end":{"line":5,"column":28}},{"start":{},"end":{}}],"line":5},"2":{"loc":{"start":{"line":6,"column":62},"end":{"line":6,"column":134}},"type":"cond-expr","locations":[{"start":{"line":6,"column":92},"end":{"line":6,"column":110}},{"start":{"line":6,"column":113},"end":{"line":6,"column":134}}],"line":6},"3":{"loc":{"start":{"line":7,"column":4},"end":{"line":7,"column":31}},"type":"if","locations":[{"start":{"line":7,"column":4},"end":{"line":7,"column":31}},{"start":{},"end":{}}],"line":7},"4":{"loc":{"start":{"line":8,"column":4},"end":{"line":8,"column":32}},"type":"if","locations":[{"start":{"line":8,"column":4},"end":{"line":8,"column":32}},{"start":{},"end":{}}],"line":8},"5":{"loc":{"start":{"line":9,"column":4},"end":{"line":9,"column":92}},"type":"if","locations":[{"start":{"line":9,"column":4},"end":{"line":9,"column":92}},{"start":{},"end":{}}],"line":9},"6":{"loc":{"start":{"line":9,"column":34},"end":{"line":9,"column":91}},"type":"cond-expr","locations":[{"start":{"line":9,"column":70},"end":{"line":9,"column":79}},{"start":{"line":9,"column":82},"end":{"line":9,"column":91}}],"line":9},"7":{"loc":{"start":{"line":10,"column":4},"end":{"line":10,"column":89}},"type":"if","locations":[{"start":{"line":10,"column":4},"end":{"line":10,"column":89}},{"start":{},"end":{}}],"line":10},"8":{"loc":{"start":{"line":10,"column":8},"end":{"line":10,"column":74}},"type":"binary-expr","locations":[{"start":{"line":10,"column":8},"end":{"line":10,"column":55}},{"start":{"line":10,"column":59},"end":{"line":10,"column":74}}],"line":10},"9":{"loc":{"start":{"line":11,"column":4},"end":{"line":11,"column":80}},"type":"if","locations":[{"start":{"line":11,"column":4},"end":{"line":11,"column":80}},{"start":{},"end":{}}],"line":11},"10":{"loc":{"start":{"line":12,"column":66},"end":{"line":12,"column":138}},"type":"cond-expr","locations":[{"start":{"line":12,"column":96},"end":{"line":12,"column":114}},{"start":{"line":12,"column":117},"end":{"line":12,"column":138}}],"line":12},"11":{"loc":{"start":{"line":13,"column":4},"end":{"line":25,"column":5}},"type":"if","locations":[{"start":{"line":13,"column":4},"end":{"line":25,"column":5}},{"start":{},"end":{}}],"line":13},"12":{"loc":{"start":{"line":14,"column":8},"end":{"line":24,"column":9}},"type":"if","locations":[{"start":{"line":14,"column":8},"end":{"line":24,"column":9}},{"start":{"line":17,"column":15},"end":{"line":24,"column":9}}],"line":14},"13":{"loc":{"start":{"line":19,"column":12},"end":{"line":23,"column":13}},"type":"if","locations":[{"start":{"line":19,"column":12},"end":{"line":23,"column":13}},{"start":{"line":21,"column":19},"end":{"line":23,"column":13}}],"line":19},"14":{"loc":{"start":{"line":32,"column":4},"end":{"line":32,"column":30}},"type":"if","locations":[{"start":{"line":32,"column":4},"end":{"line":32,"column":30}},{"start":{},"end":{}}],"line":32},"15":{"loc":{"start":{"line":34,"column":57},"end":{"line":34,"column":117}},"type":"cond-expr","locations":[{"start":{"line":34,"column":83},"end":{"line":34,"column":97}},{"start":{"line":34,"column":100},"end":{"line":34,"column":117}}],"line":34},"16":{"loc":{"start":{"line":35,"column":4},"end":{"line":39,"column":5}},"type":"if","locations":[{"start":{"line":35,"column":4},"end":{"line":39,"column":5}},{"start":{"line":37,"column":11},"end":{"line":39,"column":5}}],"line":35},"17":{"loc":{"start":{"line":35,"column":8},"end":{"line":35,"column":46}},"type":"binary-expr","locations":[{"start":{"line":35,"column":8},"end":{"line":35,"column":15}},{"start":{"line":35,"column":19},"end":{"line":35,"column":46}}],"line":35},"18":{"loc":{"start":{"line":36,"column":28},"end":{"line":36,"column":49}},"type":"binary-expr","locations":[{"start":{"line":36,"column":28},"end":{"line":36,"column":44}},{"start":{"line":36,"column":48},"end":{"line":36,"column":49}}],"line":36}},"s":{"0":4,"1":4,"2":0,"3":4,"4":6,"5":4,"6":0,"7":4,"8":4,"9":4,"10":0,"11":4,"12":0,"13":4,"14":0,"15":4,"16":6,"17":4,"18":4,"19":0,"20":4,"21":2,"22":2,"23":4,"24":4,"25":2,"26":2,"27":0,"28":2,"29":2,"30":3,"31":2,"32":1,"33":1,"34":2,"35":2},"f":{"0":4,"1":6,"2":6,"3":2,"4":3},"b":{"0":[4],"1":[0,4],"2":[0,6],"3":[0,4],"4":[4,0],"5":[0,4],"6":[0,0],"7":[0,4],"8":[4,4],"9":[0,4],"10":[0,6],"11":[4,0],"12":[0,4],"13":[2,2],"14":[0,2],"15":[0,3],"16":[1,1],"17":[2,1],"18":[1,0]},"_coverageSchema":"1a1c01bbd47fc00a2c39e90264f33305004495a9","hash":"55fbd8eea12db982f68580d1982d1288385e5c1b"}
,"C:\\Users\\scott\\OneDrive\\Desktop\\Game Development\\Ehix - The Triune Convergence\\src\\assets\\js\\systems\\equipmentSystem.global.js": {"path":"C:\\Users\\scott\\OneDrive\\Desktop\\Game Development\\Ehix - The Triune Convergence\\src\\assets\\js\\systems\\equipmentSystem.global.js","statementMap":{"0":{"start":{"line":5,"column":0},"end":{"line":12,"column":2}},"1":{"start":{"line":7,"column":4},"end":{"line":7,"column":88}},"2":{"start":{"line":10,"column":4},"end":{"line":10,"column":82}}},"fnMap":{"0":{"name":"(anonymous_0)","decl":{"start":{"line":6,"column":13},"end":{"line":6,"column":14}},"loc":{"start":{"line":6,"column":36},"end":{"line":8,"column":3}},"line":6},"1":{"name":"(anonymous_1)","decl":{"start":{"line":9,"column":15},"end":{"line":9,"column":16}},"loc":{"start":{"line":9,"column":30},"end":{"line":11,"column":3}},"line":9}},"branchMap":{},"s":{"0":1,"1":1,"2":1},"f":{"0":1,"1":1},"b":{},"_coverageSchema":"1a1c01bbd47fc00a2c39e90264f33305004495a9","hash":"6c57d33db4066c3df7b074137c58d7ccd96646e8"}
,"C:\\Users\\scott\\OneDrive\\Desktop\\Game Development\\Ehix - The Triune Convergence\\src\\assets\\js\\ui\\inventory.js": {"path":"C:\\Users\\scott\\OneDrive\\Desktop\\Game Development\\Ehix - The Triune Convergence\\src\\assets\\js\\ui\\inventory.js","statementMap":{"0":{"start":{"line":7,"column":8},"end":{"line":7,"column":29}},"1":{"start":{"line":8,"column":8},"end":{"line":8,"column":57}},"2":{"start":{"line":9,"column":8},"end":{"line":14,"column":10}},"3":{"start":{"line":15,"column":8},"end":{"line":18,"column":10}},"4":{"start":{"line":19,"column":8},"end":{"line":19,"column":39}},"5":{"start":{"line":24,"column":8},"end":{"line":24,"column":40}},"6":{"start":{"line":24,"column":33},"end":{"line":24,"column":40}},"7":{"start":{"line":26,"column":8},"end":{"line":149,"column":10}},"8":{"start":{"line":151,"column":8},"end":{"line":151,"column":36}},"9":{"start":{"line":152,"column":8},"end":{"line":152,"column":34}},"10":{"start":{"line":157,"column":8},"end":{"line":228,"column":10}},"11":{"start":{"line":233,"column":23},"end":{"line":233,"column":54}},"12":{"start":{"line":234,"column":21},"end":{"line":234,"column":38}},"13":{"start":{"line":235,"column":8},"end":{"line":235,"column":75}},"14":{"start":{"line":235,"column":19},"end":{"line":235,"column":75}},"15":{"start":{"line":237,"column":28},"end":{"line":237,"column":66}},"16":{"start":{"line":238,"column":27},"end":{"line":238,"column":63}},"17":{"start":{"line":240,"column":8},"end":{"line":249,"column":10}},"18":{"start":{"line":254,"column":8},"end":{"line":254,"column":50}},"19":{"start":{"line":254,"column":40},"end":{"line":254,"column":50}},"20":{"start":{"line":257,"column":29},"end":{"line":257,"column":31}},"21":{"start":{"line":258,"column":8},"end":{"line":279,"column":11}},"22":{"start":{"line":259,"column":27},"end":{"line":259,"column":68}},"23":{"start":{"line":260,"column":29},"end":{"line":260,"column":80}},"24":{"start":{"line":262,"column":12},"end":{"line":278,"column":13}},"25":{"start":{"line":263,"column":16},"end":{"line":263,"column":58}},"26":{"start":{"line":265,"column":33},"end":{"line":272,"column":17}},"27":{"start":{"line":273,"column":16},"end":{"line":277,"column":18}},"28":{"start":{"line":281,"column":28},"end":{"line":281,"column":55}},"29":{"start":{"line":284,"column":8},"end":{"line":291,"column":9}},"30":{"start":{"line":285,"column":32},"end":{"line":285,"column":61}},"31":{"start":{"line":286,"column":12},"end":{"line":290,"column":14}},"32":{"start":{"line":287,"column":16},"end":{"line":289,"column":66}},"33":{"start":{"line":294,"column":8},"end":{"line":296,"column":9}},"34":{"start":{"line":295,"column":12},"end":{"line":295,"column":101}},"35":{"start":{"line":295,"column":57},"end":{"line":295,"column":99}},"36":{"start":{"line":299,"column":8},"end":{"line":301,"column":9}},"37":{"start":{"line":300,"column":12},"end":{"line":300,"column":105}},"38":{"start":{"line":300,"column":57},"end":{"line":300,"column":103}},"39":{"start":{"line":304,"column":8},"end":{"line":312,"column":9}},"40":{"start":{"line":305,"column":12},"end":{"line":311,"column":15}},"41":{"start":{"line":306,"column":16},"end":{"line":310,"column":17}},"42":{"start":{"line":307,"column":20},"end":{"line":307,"column":54}},"43":{"start":{"line":309,"column":20},"end":{"line":309,"column":55}},"44":{"start":{"line":315,"column":8},"end":{"line":348,"column":11}},"45":{"start":{"line":318,"column":12},"end":{"line":343,"column":13}},"46":{"start":{"line":320,"column":20},"end":{"line":320,"column":55}},"47":{"start":{"line":321,"column":20},"end":{"line":321,"column":55}},"48":{"start":{"line":322,"column":20},"end":{"line":322,"column":26}},"49":{"start":{"line":324,"column":20},"end":{"line":324,"column":41}},"50":{"start":{"line":325,"column":20},"end":{"line":325,"column":41}},"51":{"start":{"line":326,"column":20},"end":{"line":326,"column":26}},"52":{"start":{"line":328,"column":40},"end":{"line":328,"column":103}},"53":{"start":{"line":329,"column":20},"end":{"line":329,"column":61}},"54":{"start":{"line":330,"column":20},"end":{"line":330,"column":61}},"55":{"start":{"line":331,"column":20},"end":{"line":331,"column":26}},"56":{"start":{"line":333,"column":20},"end":{"line":333,"column":47}},"57":{"start":{"line":334,"column":20},"end":{"line":334,"column":47}},"58":{"start":{"line":335,"column":20},"end":{"line":335,"column":26}},"59":{"start":{"line":337,"column":20},"end":{"line":337,"column":48}},"60":{"start":{"line":338,"column":20},"end":{"line":338,"column":48}},"61":{"start":{"line":339,"column":20},"end":{"line":339,"column":26}},"62":{"start":{"line":341,"column":20},"end":{"line":341,"column":55}},"63":{"start":{"line":342,"column":20},"end":{"line":342,"column":55}},"64":{"start":{"line":345,"column":12},"end":{"line":345,"column":87}},"65":{"start":{"line":345,"column":33},"end":{"line":345,"column":87}},"66":{"start":{"line":346,"column":12},"end":{"line":346,"column":87}},"67":{"start":{"line":346,"column":33},"end":{"line":346,"column":87}},"68":{"start":{"line":347,"column":12},"end":{"line":347,"column":21}},"69":{"start":{"line":350,"column":8},"end":{"line":350,"column":29}},"70":{"start":{"line":355,"column":30},"end":{"line":355,"column":53}},"71":{"start":{"line":357,"column":8},"end":{"line":381,"column":9}},"72":{"start":{"line":358,"column":31},"end":{"line":361,"column":67}},"73":{"start":{"line":363,"column":12},"end":{"line":380,"column":13}},"74":{"start":{"line":364,"column":16},"end":{"line":372,"column":18}},"75":{"start":{"line":374,"column":16},"end":{"line":379,"column":18}},"76":{"start":{"line":383,"column":8},"end":{"line":383,"column":82}},"77":{"start":{"line":383,"column":41},"end":{"line":383,"column":71}},"78":{"start":{"line":388,"column":34},"end":{"line":388,"column":77}},"79":{"start":{"line":389,"column":32},"end":{"line":389,"column":73}},"80":{"start":{"line":390,"column":23},"end":{"line":390,"column":49}},"81":{"start":{"line":391,"column":29},"end":{"line":391,"column":107}},"82":{"start":{"line":392,"column":24},"end":{"line":394,"column":92}},"83":{"start":{"line":395,"column":30},"end":{"line":395,"column":98}},"84":{"start":{"line":396,"column":33},"end":{"line":396,"column":90}},"85":{"start":{"line":397,"column":27},"end":{"line":397,"column":96}},"86":{"start":{"line":399,"column":8},"end":{"line":472,"column":10}},"87":{"start":{"line":477,"column":23},"end":{"line":483,"column":9}},"88":{"start":{"line":484,"column":8},"end":{"line":484,"column":47}},"89":{"start":{"line":488,"column":23},"end":{"line":494,"column":9}},"90":{"start":{"line":495,"column":8},"end":{"line":495,"column":47}},"91":{"start":{"line":501,"column":8},"end":{"line":501,"column":20}},"92":{"start":{"line":505,"column":8},"end":{"line":505,"column":49}},"93":{"start":{"line":505,"column":40},"end":{"line":505,"column":49}},"94":{"start":{"line":507,"column":8},"end":{"line":512,"column":14}},"95":{"start":{"line":508,"column":27},"end":{"line":508,"column":68}},"96":{"start":{"line":509,"column":29},"end":{"line":509,"column":80}},"97":{"start":{"line":510,"column":29},"end":{"line":510,"column":46}},"98":{"start":{"line":511,"column":12},"end":{"line":511,"column":63}},"99":{"start":{"line":516,"column":25},"end":{"line":516,"column":27}},"100":{"start":{"line":517,"column":8},"end":{"line":517,"column":67}},"101":{"start":{"line":523,"column":28},"end":{"line":523,"column":71}},"102":{"start":{"line":524,"column":8},"end":{"line":529,"column":9}},"103":{"start":{"line":525,"column":12},"end":{"line":528,"column":15}},"104":{"start":{"line":526,"column":16},"end":{"line":526,"column":49}},"105":{"start":{"line":527,"column":16},"end":{"line":527,"column":46}},"106":{"start":{"line":532,"column":29},"end":{"line":532,"column":69}},"107":{"start":{"line":533,"column":8},"end":{"line":537,"column":9}},"108":{"start":{"line":534,"column":12},"end":{"line":536,"column":15}},"109":{"start":{"line":535,"column":16},"end":{"line":535,"column":37}},"110":{"start":{"line":540,"column":27},"end":{"line":540,"column":65}},"111":{"start":{"line":541,"column":8},"end":{"line":546,"column":9}},"112":{"start":{"line":542,"column":12},"end":{"line":545,"column":15}},"113":{"start":{"line":543,"column":16},"end":{"line":543,"column":57}},"114":{"start":{"line":544,"column":16},"end":{"line":544,"column":46}},"115":{"start":{"line":548,"column":29},"end":{"line":548,"column":69}},"116":{"start":{"line":549,"column":8},"end":{"line":554,"column":9}},"117":{"start":{"line":550,"column":12},"end":{"line":553,"column":15}},"118":{"start":{"line":551,"column":16},"end":{"line":551,"column":59}},"119":{"start":{"line":552,"column":16},"end":{"line":552,"column":46}},"120":{"start":{"line":556,"column":26},"end":{"line":556,"column":63}},"121":{"start":{"line":557,"column":8},"end":{"line":562,"column":9}},"122":{"start":{"line":558,"column":12},"end":{"line":561,"column":15}},"123":{"start":{"line":559,"column":16},"end":{"line":559,"column":57}},"124":{"start":{"line":560,"column":16},"end":{"line":560,"column":46}},"125":{"start":{"line":564,"column":30},"end":{"line":564,"column":71}},"126":{"start":{"line":565,"column":8},"end":{"line":570,"column":9}},"127":{"start":{"line":566,"column":12},"end":{"line":569,"column":15}},"128":{"start":{"line":567,"column":16},"end":{"line":567,"column":101}},"129":{"start":{"line":568,"column":16},"end":{"line":568,"column":46}},"130":{"start":{"line":573,"column":8},"end":{"line":580,"column":11}},"131":{"start":{"line":574,"column":12},"end":{"line":579,"column":15}},"132":{"start":{"line":575,"column":33},"end":{"line":575,"column":50}},"133":{"start":{"line":576,"column":16},"end":{"line":578,"column":17}},"134":{"start":{"line":577,"column":20},"end":{"line":577,"column":47}},"135":{"start":{"line":584,"column":27},"end":{"line":584,"column":65}},"136":{"start":{"line":585,"column":29},"end":{"line":585,"column":69}},"137":{"start":{"line":586,"column":26},"end":{"line":586,"column":63}},"138":{"start":{"line":588,"column":8},"end":{"line":588,"column":67}},"139":{"start":{"line":588,"column":24},"end":{"line":588,"column":67}},"140":{"start":{"line":589,"column":8},"end":{"line":589,"column":73}},"141":{"start":{"line":589,"column":26},"end":{"line":589,"column":73}},"142":{"start":{"line":590,"column":8},"end":{"line":590,"column":65}},"143":{"start":{"line":590,"column":23},"end":{"line":590,"column":65}},"144":{"start":{"line":594,"column":30},"end":{"line":594,"column":71}},"145":{"start":{"line":595,"column":31},"end":{"line":595,"column":73}},"146":{"start":{"line":597,"column":8},"end":{"line":599,"column":9}},"147":{"start":{"line":598,"column":12},"end":{"line":598,"column":65}},"148":{"start":{"line":601,"column":8},"end":{"line":620,"column":9}},"149":{"start":{"line":602,"column":12},"end":{"line":619,"column":14}},"150":{"start":{"line":623,"column":33},"end":{"line":623,"column":74}},"151":{"start":{"line":624,"column":8},"end":{"line":629,"column":9}},"152":{"start":{"line":625,"column":25},"end":{"line":625,"column":60}},"153":{"start":{"line":626,"column":12},"end":{"line":628,"column":13}},"154":{"start":{"line":627,"column":16},"end":{"line":627,"column":132}},"155":{"start":{"line":633,"column":8},"end":{"line":633,"column":29}},"156":{"start":{"line":634,"column":8},"end":{"line":639,"column":10}},"157":{"start":{"line":641,"column":28},"end":{"line":641,"column":71}},"158":{"start":{"line":642,"column":8},"end":{"line":642,"column":48}},"159":{"start":{"line":642,"column":25},"end":{"line":642,"column":48}},"160":{"start":{"line":644,"column":8},"end":{"line":644,"column":34}},"161":{"start":{"line":645,"column":8},"end":{"line":645,"column":38}},"162":{"start":{"line":650,"column":8},"end":{"line":657,"column":9}},"163":{"start":{"line":651,"column":28},"end":{"line":651,"column":45}},"164":{"start":{"line":652,"column":12},"end":{"line":655,"column":13}},"165":{"start":{"line":653,"column":16},"end":{"line":653,"column":46}},"166":{"start":{"line":654,"column":16},"end":{"line":654,"column":47}},"167":{"start":{"line":656,"column":12},"end":{"line":656,"column":27}},"168":{"start":{"line":658,"column":8},"end":{"line":658,"column":21}},"169":{"start":{"line":662,"column":8},"end":{"line":668,"column":9}},"170":{"start":{"line":663,"column":28},"end":{"line":663,"column":49}},"171":{"start":{"line":664,"column":12},"end":{"line":666,"column":13}},"172":{"start":{"line":665,"column":16},"end":{"line":665,"column":47}},"173":{"start":{"line":667,"column":12},"end":{"line":667,"column":27}},"174":{"start":{"line":669,"column":8},"end":{"line":669,"column":21}},"175":{"start":{"line":673,"column":21},"end":{"line":673,"column":38}},"176":{"start":{"line":674,"column":8},"end":{"line":677,"column":9}},"177":{"start":{"line":675,"column":12},"end":{"line":675,"column":56}},"178":{"start":{"line":676,"column":12},"end":{"line":676,"column":19}},"179":{"start":{"line":680,"column":8},"end":{"line":692,"column":9}},"180":{"start":{"line":681,"column":12},"end":{"line":689,"column":13}},"181":{"start":{"line":682,"column":32},"end":{"line":682,"column":60}},"182":{"start":{"line":683,"column":16},"end":{"line":685,"column":17}},"183":{"start":{"line":684,"column":20},"end":{"line":684,"column":51}},"184":{"start":{"line":688,"column":16},"end":{"line":688,"column":55}},"185":{"start":{"line":691,"column":12},"end":{"line":691,"column":71}},"186":{"start":{"line":697,"column":25},"end":{"line":699,"column":9}},"187":{"start":{"line":698,"column":12},"end":{"line":698,"column":75}},"188":{"start":{"line":701,"column":8},"end":{"line":704,"column":9}},"189":{"start":{"line":702,"column":12},"end":{"line":702,"column":71}},"190":{"start":{"line":703,"column":12},"end":{"line":703,"column":19}},"191":{"start":{"line":707,"column":8},"end":{"line":748,"column":9}},"192":{"start":{"line":709,"column":35},"end":{"line":709,"column":56}},"193":{"start":{"line":710,"column":30},"end":{"line":710,"column":65}},"194":{"start":{"line":711,"column":30},"end":{"line":714,"column":17}},"195":{"start":{"line":715,"column":35},"end":{"line":715,"column":48}},"196":{"start":{"line":717,"column":16},"end":{"line":717,"column":60}},"197":{"start":{"line":720,"column":16},"end":{"line":722,"column":17}},"198":{"start":{"line":721,"column":20},"end":{"line":721,"column":107}},"199":{"start":{"line":724,"column":16},"end":{"line":724,"column":79}},"200":{"start":{"line":725,"column":16},"end":{"line":725,"column":22}},"201":{"start":{"line":728,"column":35},"end":{"line":728,"column":56}},"202":{"start":{"line":729,"column":32},"end":{"line":729,"column":65}},"203":{"start":{"line":730,"column":32},"end":{"line":733,"column":17}},"204":{"start":{"line":734,"column":35},"end":{"line":734,"column":52}},"205":{"start":{"line":736,"column":16},"end":{"line":736,"column":60}},"206":{"start":{"line":739,"column":16},"end":{"line":741,"column":17}},"207":{"start":{"line":740,"column":20},"end":{"line":740,"column":106}},"208":{"start":{"line":743,"column":16},"end":{"line":743,"column":75}},"209":{"start":{"line":744,"column":16},"end":{"line":744,"column":22}},"210":{"start":{"line":747,"column":16},"end":{"line":747,"column":62}},"211":{"start":{"line":751,"column":8},"end":{"line":751,"column":54}},"212":{"start":{"line":754,"column":8},"end":{"line":754,"column":38}},"213":{"start":{"line":757,"column":8},"end":{"line":759,"column":9}},"214":{"start":{"line":758,"column":12},"end":{"line":758,"column":35}},"215":{"start":{"line":764,"column":21},"end":{"line":764,"column":38}},"216":{"start":{"line":765,"column":8},"end":{"line":768,"column":9}},"217":{"start":{"line":766,"column":12},"end":{"line":766,"column":56}},"218":{"start":{"line":767,"column":12},"end":{"line":767,"column":19}},"219":{"start":{"line":771,"column":24},"end":{"line":773,"column":9}},"220":{"start":{"line":772,"column":12},"end":{"line":772,"column":75}},"221":{"start":{"line":774,"column":25},"end":{"line":774,"column":83}},"222":{"start":{"line":776,"column":8},"end":{"line":776,"column":49}},"223":{"start":{"line":780,"column":32},"end":{"line":780,"column":68}},"224":{"start":{"line":781,"column":29},"end":{"line":781,"column":92}},"225":{"start":{"line":782,"column":29},"end":{"line":782,"column":55}},"226":{"start":{"line":785,"column":29},"end":{"line":785,"column":58}},"227":{"start":{"line":786,"column":8},"end":{"line":786,"column":114}},"228":{"start":{"line":787,"column":8},"end":{"line":791,"column":10}},"229":{"start":{"line":788,"column":12},"end":{"line":790,"column":13}},"230":{"start":{"line":789,"column":16},"end":{"line":789,"column":38}},"231":{"start":{"line":793,"column":8},"end":{"line":891,"column":10}},"232":{"start":{"line":841,"column":40},"end":{"line":841,"column":182}},"233":{"start":{"line":853,"column":36},"end":{"line":853,"column":122}},"234":{"start":{"line":864,"column":70},"end":{"line":864,"column":95}},"235":{"start":{"line":865,"column":150},"end":{"line":865,"column":182}},"236":{"start":{"line":893,"column":8},"end":{"line":893,"column":48}},"237":{"start":{"line":894,"column":8},"end":{"line":894,"column":38}},"238":{"start":{"line":898,"column":22},"end":{"line":898,"column":85}},"239":{"start":{"line":899,"column":8},"end":{"line":901,"column":9}},"240":{"start":{"line":900,"column":12},"end":{"line":900,"column":27}},"241":{"start":{"line":902,"column":8},"end":{"line":902,"column":39}},"242":{"start":{"line":908,"column":8},"end":{"line":914,"column":11}},"243":{"start":{"line":909,"column":27},"end":{"line":909,"column":73}},"244":{"start":{"line":910,"column":25},"end":{"line":910,"column":50}},"245":{"start":{"line":911,"column":12},"end":{"line":913,"column":13}},"246":{"start":{"line":912,"column":16},"end":{"line":912,"column":78}},"247":{"start":{"line":917,"column":8},"end":{"line":923,"column":11}},"248":{"start":{"line":918,"column":27},"end":{"line":918,"column":63}},"249":{"start":{"line":919,"column":25},"end":{"line":919,"column":42}},"250":{"start":{"line":920,"column":12},"end":{"line":922,"column":13}},"251":{"start":{"line":921,"column":16},"end":{"line":921,"column":78}},"252":{"start":{"line":926,"column":8},"end":{"line":931,"column":11}},"253":{"start":{"line":927,"column":25},"end":{"line":927,"column":58}},"254":{"start":{"line":928,"column":12},"end":{"line":930,"column":13}},"255":{"start":{"line":929,"column":16},"end":{"line":929,"column":77}},"256":{"start":{"line":934,"column":30},"end":{"line":934,"column":71}},"257":{"start":{"line":935,"column":8},"end":{"line":937,"column":9}},"258":{"start":{"line":936,"column":12},"end":{"line":936,"column":73}},"259":{"start":{"line":942,"column":8},"end":{"line":944,"column":9}},"260":{"start":{"line":943,"column":12},"end":{"line":943,"column":37}},"261":{"start":{"line":947,"column":8},"end":{"line":947,"column":20}},"262":{"start":{"line":952,"column":8},"end":{"line":952,"column":39}},"263":{"start":{"line":954,"column":8},"end":{"line":960,"column":16}},"264":{"start":{"line":955,"column":12},"end":{"line":955,"column":41}},"265":{"start":{"line":956,"column":29},"end":{"line":956,"column":71}},"266":{"start":{"line":957,"column":12},"end":{"line":959,"column":13}},"267":{"start":{"line":958,"column":16},"end":{"line":958,"column":78}},"268":{"start":{"line":965,"column":22},"end":{"line":965,"column":60}},"269":{"start":{"line":966,"column":24},"end":{"line":966,"column":68}},"270":{"start":{"line":968,"column":8},"end":{"line":973,"column":9}},"271":{"start":{"line":969,"column":12},"end":{"line":969,"column":42}},"272":{"start":{"line":970,"column":12},"end":{"line":970,"column":42}},"273":{"start":{"line":972,"column":12},"end":{"line":972,"column":41}},"274":{"start":{"line":978,"column":8},"end":{"line":978,"column":55}},"275":{"start":{"line":979,"column":25},"end":{"line":979,"column":67}},"276":{"start":{"line":980,"column":8},"end":{"line":982,"column":9}},"277":{"start":{"line":981,"column":12},"end":{"line":981,"column":74}},"278":{"start":{"line":987,"column":8},"end":{"line":987,"column":40}},"279":{"start":{"line":987,"column":33},"end":{"line":987,"column":40}},"280":{"start":{"line":989,"column":22},"end":{"line":989,"column":60}},"281":{"start":{"line":991,"column":8},"end":{"line":1133,"column":10}},"282":{"start":{"line":1029,"column":84},"end":{"line":1034,"column":29}},"283":{"start":{"line":1045,"column":86},"end":{"line":1045,"column":100}},"284":{"start":{"line":1045,"column":126},"end":{"line":1050,"column":29}},"285":{"start":{"line":1063,"column":63},"end":{"line":1086,"column":29}},"286":{"start":{"line":1099,"column":64},"end":{"line":1104,"column":29}},"287":{"start":{"line":1110,"column":90},"end":{"line":1115,"column":33}},"288":{"start":{"line":1138,"column":25},"end":{"line":1138,"column":47}},"289":{"start":{"line":1142,"column":4},"end":{"line":1142,"column":37}},"290":{"start":{"line":1147,"column":4},"end":{"line":1147,"column":37}},"291":{"start":{"line":1151,"column":4},"end":{"line":1155,"column":16}},"292":{"start":{"line":1154,"column":28},"end":{"line":1154,"column":43}},"293":{"start":{"line":1158,"column":0},"end":{"line":1160,"column":1}},"294":{"start":{"line":1159,"column":4},"end":{"line":1159,"column":40}}},"fnMap":{"0":{"name":"(anonymous_0)","decl":{"start":{"line":6,"column":4},"end":{"line":6,"column":5}},"loc":{"start":{"line":6,"column":18},"end":{"line":20,"column":5}},"line":6},"1":{"name":"(anonymous_1)","decl":{"start":{"line":23,"column":4},"end":{"line":23,"column":5}},"loc":{"start":{"line":23,"column":30},"end":{"line":153,"column":5}},"line":23},"2":{"name":"(anonymous_2)","decl":{"start":{"line":156,"column":4},"end":{"line":156,"column":5}},"loc":{"start":{"line":156,"column":27},"end":{"line":229,"column":5}},"line":156},"3":{"name":"(anonymous_3)","decl":{"start":{"line":232,"column":4},"end":{"line":232,"column":5}},"loc":{"start":{"line":232,"column":29},"end":{"line":250,"column":5}},"line":232},"4":{"name":"(anonymous_4)","decl":{"start":{"line":253,"column":4},"end":{"line":253,"column":5}},"loc":{"start":{"line":253,"column":23},"end":{"line":351,"column":5}},"line":253},"5":{"name":"(anonymous_5)","decl":{"start":{"line":258,"column":42},"end":{"line":258,"column":43}},"loc":{"start":{"line":258,"column":50},"end":{"line":279,"column":9}},"line":258},"6":{"name":"(anonymous_6)","decl":{"start":{"line":286,"column":49},"end":{"line":286,"column":50}},"loc":{"start":{"line":287,"column":16},"end":{"line":289,"column":66}},"line":287},"7":{"name":"(anonymous_7)","decl":{"start":{"line":295,"column":49},"end":{"line":295,"column":50}},"loc":{"start":{"line":295,"column":57},"end":{"line":295,"column":99}},"line":295},"8":{"name":"(anonymous_8)","decl":{"start":{"line":300,"column":49},"end":{"line":300,"column":50}},"loc":{"start":{"line":300,"column":57},"end":{"line":300,"column":103}},"line":300},"9":{"name":"(anonymous_9)","decl":{"start":{"line":305,"column":49},"end":{"line":305,"column":50}},"loc":{"start":{"line":305,"column":57},"end":{"line":311,"column":13}},"line":305},"10":{"name":"(anonymous_10)","decl":{"start":{"line":315,"column":27},"end":{"line":315,"column":28}},"loc":{"start":{"line":315,"column":37},"end":{"line":348,"column":9}},"line":315},"11":{"name":"(anonymous_11)","decl":{"start":{"line":354,"column":4},"end":{"line":354,"column":5}},"loc":{"start":{"line":354,"column":26},"end":{"line":384,"column":5}},"line":354},"12":{"name":"(anonymous_12)","decl":{"start":{"line":383,"column":33},"end":{"line":383,"column":34}},"loc":{"start":{"line":383,"column":41},"end":{"line":383,"column":71}},"line":383},"13":{"name":"(anonymous_13)","decl":{"start":{"line":387,"column":4},"end":{"line":387,"column":5}},"loc":{"start":{"line":387,"column":30},"end":{"line":473,"column":5}},"line":387},"14":{"name":"(anonymous_14)","decl":{"start":{"line":476,"column":4},"end":{"line":476,"column":5}},"loc":{"start":{"line":476,"column":33},"end":{"line":485,"column":5}},"line":476},"15":{"name":"(anonymous_15)","decl":{"start":{"line":487,"column":4},"end":{"line":487,"column":5}},"loc":{"start":{"line":487,"column":31},"end":{"line":496,"column":5}},"line":487},"16":{"name":"(anonymous_16)","decl":{"start":{"line":499,"column":4},"end":{"line":499,"column":5}},"loc":{"start":{"line":499,"column":21},"end":{"line":502,"column":5}},"line":499},"17":{"name":"(anonymous_17)","decl":{"start":{"line":504,"column":4},"end":{"line":504,"column":5}},"loc":{"start":{"line":504,"column":20},"end":{"line":513,"column":5}},"line":504},"18":{"name":"(anonymous_18)","decl":{"start":{"line":507,"column":48},"end":{"line":507,"column":49}},"loc":{"start":{"line":507,"column":65},"end":{"line":512,"column":9}},"line":507},"19":{"name":"(anonymous_19)","decl":{"start":{"line":515,"column":4},"end":{"line":515,"column":5}},"loc":{"start":{"line":515,"column":19},"end":{"line":518,"column":5}},"line":515},"20":{"name":"(anonymous_20)","decl":{"start":{"line":521,"column":4},"end":{"line":521,"column":5}},"loc":{"start":{"line":521,"column":27},"end":{"line":581,"column":5}},"line":521},"21":{"name":"(anonymous_21)","decl":{"start":{"line":525,"column":50},"end":{"line":525,"column":51}},"loc":{"start":{"line":525,"column":57},"end":{"line":528,"column":13}},"line":525},"22":{"name":"(anonymous_22)","decl":{"start":{"line":534,"column":51},"end":{"line":534,"column":52}},"loc":{"start":{"line":534,"column":57},"end":{"line":536,"column":13}},"line":534},"23":{"name":"(anonymous_23)","decl":{"start":{"line":542,"column":50},"end":{"line":542,"column":51}},"loc":{"start":{"line":542,"column":57},"end":{"line":545,"column":13}},"line":542},"24":{"name":"(anonymous_24)","decl":{"start":{"line":550,"column":52},"end":{"line":550,"column":53}},"loc":{"start":{"line":550,"column":59},"end":{"line":553,"column":13}},"line":550},"25":{"name":"(anonymous_25)","decl":{"start":{"line":558,"column":49},"end":{"line":558,"column":50}},"loc":{"start":{"line":558,"column":56},"end":{"line":561,"column":13}},"line":558},"26":{"name":"(anonymous_26)","decl":{"start":{"line":566,"column":52},"end":{"line":566,"column":53}},"loc":{"start":{"line":566,"column":58},"end":{"line":569,"column":13}},"line":566},"27":{"name":"(anonymous_27)","decl":{"start":{"line":573,"column":71},"end":{"line":573,"column":72}},"loc":{"start":{"line":573,"column":79},"end":{"line":580,"column":9}},"line":573},"28":{"name":"(anonymous_28)","decl":{"start":{"line":574,"column":43},"end":{"line":574,"column":44}},"loc":{"start":{"line":574,"column":49},"end":{"line":579,"column":13}},"line":574},"29":{"name":"(anonymous_29)","decl":{"start":{"line":583,"column":4},"end":{"line":583,"column":5}},"loc":{"start":{"line":583,"column":25},"end":{"line":591,"column":5}},"line":583},"30":{"name":"(anonymous_30)","decl":{"start":{"line":593,"column":4},"end":{"line":593,"column":5}},"loc":{"start":{"line":593,"column":29},"end":{"line":630,"column":5}},"line":593},"31":{"name":"(anonymous_31)","decl":{"start":{"line":632,"column":4},"end":{"line":632,"column":5}},"loc":{"start":{"line":632,"column":19},"end":{"line":646,"column":5}},"line":632},"32":{"name":"(anonymous_32)","decl":{"start":{"line":649,"column":4},"end":{"line":649,"column":5}},"loc":{"start":{"line":649,"column":22},"end":{"line":659,"column":5}},"line":649},"33":{"name":"(anonymous_33)","decl":{"start":{"line":661,"column":4},"end":{"line":661,"column":5}},"loc":{"start":{"line":661,"column":26},"end":{"line":670,"column":5}},"line":661},"34":{"name":"(anonymous_34)","decl":{"start":{"line":672,"column":4},"end":{"line":672,"column":5}},"loc":{"start":{"line":672,"column":20},"end":{"line":693,"column":5}},"line":672},"35":{"name":"(anonymous_35)","decl":{"start":{"line":695,"column":4},"end":{"line":695,"column":5}},"loc":{"start":{"line":695,"column":38},"end":{"line":760,"column":5}},"line":695},"36":{"name":"(anonymous_36)","decl":{"start":{"line":697,"column":61},"end":{"line":697,"column":62}},"loc":{"start":{"line":698,"column":12},"end":{"line":698,"column":75}},"line":698},"37":{"name":"(anonymous_37)","decl":{"start":{"line":763,"column":4},"end":{"line":763,"column":5}},"loc":{"start":{"line":763,"column":26},"end":{"line":777,"column":5}},"line":763},"38":{"name":"(anonymous_38)","decl":{"start":{"line":771,"column":55},"end":{"line":771,"column":56}},"loc":{"start":{"line":772,"column":12},"end":{"line":772,"column":75}},"line":772},"39":{"name":"(anonymous_39)","decl":{"start":{"line":779,"column":4},"end":{"line":779,"column":5}},"loc":{"start":{"line":779,"column":40},"end":{"line":895,"column":5}},"line":779},"40":{"name":"(anonymous_40)","decl":{"start":{"line":787,"column":31},"end":{"line":787,"column":32}},"loc":{"start":{"line":787,"column":38},"end":{"line":791,"column":9}},"line":787},"41":{"name":"(anonymous_41)","decl":{"start":{"line":840,"column":73},"end":{"line":840,"column":74}},"loc":{"start":{"line":841,"column":40},"end":{"line":841,"column":182}},"line":841},"42":{"name":"(anonymous_42)","decl":{"start":{"line":852,"column":54},"end":{"line":852,"column":55}},"loc":{"start":{"line":853,"column":36},"end":{"line":853,"column":122}},"line":853},"43":{"name":"(anonymous_43)","decl":{"start":{"line":864,"column":64},"end":{"line":864,"column":65}},"loc":{"start":{"line":864,"column":70},"end":{"line":864,"column":95}},"line":864},"44":{"name":"(anonymous_44)","decl":{"start":{"line":865,"column":139},"end":{"line":865,"column":140}},"loc":{"start":{"line":865,"column":150},"end":{"line":865,"column":182}},"line":865},"45":{"name":"(anonymous_45)","decl":{"start":{"line":897,"column":4},"end":{"line":897,"column":5}},"loc":{"start":{"line":897,"column":21},"end":{"line":903,"column":5}},"line":897},"46":{"name":"(anonymous_46)","decl":{"start":{"line":906,"column":4},"end":{"line":906,"column":5}},"loc":{"start":{"line":906,"column":28},"end":{"line":938,"column":5}},"line":906},"47":{"name":"(anonymous_47)","decl":{"start":{"line":908,"column":85},"end":{"line":908,"column":86}},"loc":{"start":{"line":908,"column":96},"end":{"line":914,"column":9}},"line":908},"48":{"name":"(anonymous_48)","decl":{"start":{"line":917,"column":82},"end":{"line":917,"column":83}},"loc":{"start":{"line":917,"column":93},"end":{"line":923,"column":9}},"line":917},"49":{"name":"(anonymous_49)","decl":{"start":{"line":926,"column":61},"end":{"line":926,"column":62}},"loc":{"start":{"line":926,"column":72},"end":{"line":931,"column":9}},"line":926},"50":{"name":"(anonymous_50)","decl":{"start":{"line":940,"column":4},"end":{"line":940,"column":5}},"loc":{"start":{"line":940,"column":25},"end":{"line":948,"column":5}},"line":940},"51":{"name":"(anonymous_51)","decl":{"start":{"line":951,"column":4},"end":{"line":951,"column":5}},"loc":{"start":{"line":951,"column":20},"end":{"line":961,"column":5}},"line":951},"52":{"name":"(anonymous_52)","decl":{"start":{"line":954,"column":19},"end":{"line":954,"column":20}},"loc":{"start":{"line":954,"column":25},"end":{"line":960,"column":9}},"line":954},"53":{"name":"(anonymous_53)","decl":{"start":{"line":964,"column":4},"end":{"line":964,"column":5}},"loc":{"start":{"line":964,"column":23},"end":{"line":974,"column":5}},"line":964},"54":{"name":"(anonymous_54)","decl":{"start":{"line":977,"column":4},"end":{"line":977,"column":5}},"loc":{"start":{"line":977,"column":20},"end":{"line":983,"column":5}},"line":977},"55":{"name":"(anonymous_55)","decl":{"start":{"line":986,"column":4},"end":{"line":986,"column":5}},"loc":{"start":{"line":986,"column":31},"end":{"line":1134,"column":5}},"line":986},"56":{"name":"(anonymous_56)","decl":{"start":{"line":1029,"column":66},"end":{"line":1029,"column":67}},"loc":{"start":{"line":1029,"column":84},"end":{"line":1034,"column":29}},"line":1029},"57":{"name":"(anonymous_57)","decl":{"start":{"line":1045,"column":66},"end":{"line":1045,"column":67}},"loc":{"start":{"line":1045,"column":86},"end":{"line":1045,"column":100}},"line":1045},"58":{"name":"(anonymous_58)","decl":{"start":{"line":1045,"column":106},"end":{"line":1045,"column":107}},"loc":{"start":{"line":1045,"column":126},"end":{"line":1050,"column":29}},"line":1045},"59":{"name":"(anonymous_59)","decl":{"start":{"line":1063,"column":56},"end":{"line":1063,"column":57}},"loc":{"start":{"line":1063,"column":63},"end":{"line":1086,"column":29}},"line":1063},"60":{"name":"(anonymous_60)","decl":{"start":{"line":1099,"column":56},"end":{"line":1099,"column":57}},"loc":{"start":{"line":1099,"column":64},"end":{"line":1104,"column":29}},"line":1099},"61":{"name":"(anonymous_61)","decl":{"start":{"line":1110,"column":82},"end":{"line":1110,"column":83}},"loc":{"start":{"line":1110,"column":90},"end":{"line":1115,"column":33}},"line":1110},"62":{"name":"renderAdvancedInventory","decl":{"start":{"line":1141,"column":9},"end":{"line":1141,"column":32}},"loc":{"start":{"line":1141,"column":35},"end":{"line":1143,"column":1}},"line":1141},"63":{"name":"renderInventory","decl":{"start":{"line":1146,"column":9},"end":{"line":1146,"column":24}},"loc":{"start":{"line":1146,"column":27},"end":{"line":1148,"column":1}},"line":1146},"64":{"name":"formatSlotName","decl":{"start":{"line":1150,"column":9},"end":{"line":1150,"column":23}},"loc":{"start":{"line":1150,"column":30},"end":{"line":1156,"column":1}},"line":1150},"65":{"name":"(anonymous_65)","decl":{"start":{"line":1154,"column":23},"end":{"line":1154,"column":24}},"loc":{"start":{"line":1154,"column":28},"end":{"line":1154,"column":43}},"line":1154}},"branchMap":{"0":{"loc":{"start":{"line":24,"column":8},"end":{"line":24,"column":40}},"type":"if","locations":[{"start":{"line":24,"column":8},"end":{"line":24,"column":40}},{"start":{},"end":{}}],"line":24},"1":{"loc":{"start":{"line":45,"column":75},"end":{"line":45,"column":115}},"type":"cond-expr","locations":[{"start":{"line":45,"column":99},"end":{"line":45,"column":110}},{"start":{"line":45,"column":113},"end":{"line":45,"column":115}}],"line":45},"2":{"loc":{"start":{"line":75,"column":55},"end":{"line":75,"column":137}},"type":"cond-expr","locations":[{"start":{"line":75,"column":95},"end":{"line":75,"column":114}},{"start":{"line":75,"column":117},"end":{"line":75,"column":137}}],"line":75},"3":{"loc":{"start":{"line":163,"column":30},"end":{"line":163,"column":199}},"type":"cond-expr","locations":[{"start":{"line":163,"column":63},"end":{"line":163,"column":94}},{"start":{"line":163,"column":97},"end":{"line":163,"column":199}}],"line":163},"4":{"loc":{"start":{"line":170,"column":30},"end":{"line":170,"column":212}},"type":"cond-expr","locations":[{"start":{"line":170,"column":67},"end":{"line":170,"column":102}},{"start":{"line":170,"column":105},"end":{"line":170,"column":212}}],"line":170},"5":{"loc":{"start":{"line":175,"column":30},"end":{"line":175,"column":204}},"type":"cond-expr","locations":[{"start":{"line":175,"column":64},"end":{"line":175,"column":96}},{"start":{"line":175,"column":99},"end":{"line":175,"column":204}}],"line":175},"6":{"loc":{"start":{"line":180,"column":30},"end":{"line":180,"column":212}},"type":"cond-expr","locations":[{"start":{"line":180,"column":67},"end":{"line":180,"column":102}},{"start":{"line":180,"column":105},"end":{"line":180,"column":212}}],"line":180},"7":{"loc":{"start":{"line":185,"column":30},"end":{"line":185,"column":210}},"type":"cond-expr","locations":[{"start":{"line":185,"column":66},"end":{"line":185,"column":100}},{"start":{"line":185,"column":103},"end":{"line":185,"column":210}}],"line":185},"8":{"loc":{"start":{"line":191,"column":30},"end":{"line":191,"column":206}},"type":"cond-expr","locations":[{"start":{"line":191,"column":66},"end":{"line":191,"column":100}},{"start":{"line":191,"column":103},"end":{"line":191,"column":206}}],"line":191},"9":{"loc":{"start":{"line":196,"column":30},"end":{"line":196,"column":202}},"type":"cond-expr","locations":[{"start":{"line":196,"column":63},"end":{"line":196,"column":94}},{"start":{"line":196,"column":97},"end":{"line":196,"column":202}}],"line":196},"10":{"loc":{"start":{"line":201,"column":30},"end":{"line":201,"column":206}},"type":"cond-expr","locations":[{"start":{"line":201,"column":66},"end":{"line":201,"column":100}},{"start":{"line":201,"column":103},"end":{"line":201,"column":206}}],"line":201},"11":{"loc":{"start":{"line":208,"column":30},"end":{"line":208,"column":201}},"type":"cond-expr","locations":[{"start":{"line":208,"column":63},"end":{"line":208,"column":94}},{"start":{"line":208,"column":97},"end":{"line":208,"column":201}}],"line":208},"12":{"loc":{"start":{"line":235,"column":8},"end":{"line":235,"column":75}},"type":"if","locations":[{"start":{"line":235,"column":8},"end":{"line":235,"column":75}},{"start":{},"end":{}}],"line":235},"13":{"loc":{"start":{"line":254,"column":8},"end":{"line":254,"column":50}},"type":"if","locations":[{"start":{"line":254,"column":8},"end":{"line":254,"column":50}},{"start":{},"end":{}}],"line":254},"14":{"loc":{"start":{"line":259,"column":27},"end":{"line":259,"column":68}},"type":"cond-expr","locations":[{"start":{"line":259,"column":54},"end":{"line":259,"column":58}},{"start":{"line":259,"column":61},"end":{"line":259,"column":68}}],"line":259},"15":{"loc":{"start":{"line":260,"column":29},"end":{"line":260,"column":80}},"type":"cond-expr","locations":[{"start":{"line":260,"column":56},"end":{"line":260,"column":57}},{"start":{"line":260,"column":61},"end":{"line":260,"column":79}}],"line":260},"16":{"loc":{"start":{"line":260,"column":61},"end":{"line":260,"column":79}},"type":"binary-expr","locations":[{"start":{"line":260,"column":61},"end":{"line":260,"column":74}},{"start":{"line":260,"column":78},"end":{"line":260,"column":79}}],"line":260},"17":{"loc":{"start":{"line":262,"column":12},"end":{"line":278,"column":13}},"type":"if","locations":[{"start":{"line":262,"column":12},"end":{"line":278,"column":13}},{"start":{"line":264,"column":19},"end":{"line":278,"column":13}}],"line":262},"18":{"loc":{"start":{"line":265,"column":33},"end":{"line":272,"column":17}},"type":"binary-expr","locations":[{"start":{"line":265,"column":33},"end":{"line":265,"column":50}},{"start":{"line":265,"column":54},"end":{"line":272,"column":17}}],"line":265},"19":{"loc":{"start":{"line":284,"column":8},"end":{"line":291,"column":9}},"type":"if","locations":[{"start":{"line":284,"column":8},"end":{"line":291,"column":9}},{"start":{},"end":{}}],"line":284},"20":{"loc":{"start":{"line":287,"column":16},"end":{"line":289,"column":66}},"type":"binary-expr","locations":[{"start":{"line":287,"column":16},"end":{"line":287,"column":66}},{"start":{"line":288,"column":16},"end":{"line":288,"column":73}},{"start":{"line":289,"column":16},"end":{"line":289,"column":66}}],"line":287},"21":{"loc":{"start":{"line":294,"column":8},"end":{"line":296,"column":9}},"type":"if","locations":[{"start":{"line":294,"column":8},"end":{"line":296,"column":9}},{"start":{},"end":{}}],"line":294},"22":{"loc":{"start":{"line":299,"column":8},"end":{"line":301,"column":9}},"type":"if","locations":[{"start":{"line":299,"column":8},"end":{"line":301,"column":9}},{"start":{},"end":{}}],"line":299},"23":{"loc":{"start":{"line":304,"column":8},"end":{"line":312,"column":9}},"type":"if","locations":[{"start":{"line":304,"column":8},"end":{"line":312,"column":9}},{"start":{},"end":{}}],"line":304},"24":{"loc":{"start":{"line":306,"column":16},"end":{"line":310,"column":17}},"type":"if","locations":[{"start":{"line":306,"column":16},"end":{"line":310,"column":17}},{"start":{"line":308,"column":23},"end":{"line":310,"column":17}}],"line":306},"25":{"loc":{"start":{"line":318,"column":12},"end":{"line":343,"column":13}},"type":"switch","locations":[{"start":{"line":319,"column":16},"end":{"line":322,"column":26}},{"start":{"line":323,"column":16},"end":{"line":326,"column":26}},{"start":{"line":327,"column":16},"end":{"line":331,"column":26}},{"start":{"line":332,"column":16},"end":{"line":335,"column":26}},{"start":{"line":336,"column":16},"end":{"line":339,"column":26}},{"start":{"line":340,"column":16},"end":{"line":342,"column":55}}],"line":318},"26":{"loc":{"start":{"line":329,"column":29},"end":{"line":329,"column":60}},"type":"binary-expr","locations":[{"start":{"line":329,"column":29},"end":{"line":329,"column":55}},{"start":{"line":329,"column":59},"end":{"line":329,"column":60}}],"line":329},"27":{"loc":{"start":{"line":330,"column":29},"end":{"line":330,"column":60}},"type":"binary-expr","locations":[{"start":{"line":330,"column":29},"end":{"line":330,"column":55}},{"start":{"line":330,"column":59},"end":{"line":330,"column":60}}],"line":330},"28":{"loc":{"start":{"line":333,"column":29},"end":{"line":333,"column":46}},"type":"binary-expr","locations":[{"start":{"line":333,"column"
[...]
":0,"67":0,"68":0,"69":0,"70":0,"71":0,"72":0,"73":0,"74":0,"75":0,"76":0,"77":0,"78":0,"79":0,"80":0,"81":0,"82":0,"83":0,"84":0,"85":0,"86":0,"87":0,"88":0,"89":0,"90":0,"91":0,"92":0,"93":0,"94":0,"95":0,"96":0,"97":0,"98":0,"99":0,"100":0,"101":0,"102":0,"103":0,"104":0,"105":0,"106":0,"107":0,"108":0,"109":0,"110":0,"111":0,"112":0,"113":0,"114":0,"115":0,"116":0,"117":0,"118":0,"119":0,"120":0,"121":0,"122":0,"123":0,"124":0,"125":0,"126":0,"127":0,"128":0,"129":0,"130":0,"131":0,"132":0,"133":0,"134":0,"135":0,"136":0,"137":0,"138":0,"139":0,"140":0,"141":0,"142":0,"143":0,"144":0,"145":0,"146":0,"147":0,"148":0,"149":0,"150":0,"151":0,"152":0,"153":0,"154":0,"155":0,"156":0,"157":0,"158":0,"159":0,"160":0,"161":0,"162":0,"163":0,"164":0,"165":0,"166":0,"167":0,"168":0,"169":0,"170":0,"171":0,"172":0,"173":0,"174":0,"175":0,"176":0,"177":0,"178":0,"179":0,"180":0,"181":0,"182":0,"183":0,"184":0,"185":0,"186":0,"187":0,"188":0,"189":0,"190":0,"191":0,"192":0,"193":0,"194":0,"195":0,"196":0,"197":0,"198":0,"199":0,"200":0,"201":0,"202":0,"203":0,"204":0,"205":0,"206":0,"207":0,"208":0,"209":0,"210":0,"211":0,"212":0,"213":0,"214":0,"215":0,"216":0,"217":0,"218":0,"219":0,"220":0,"221":0,"222":0,"223":0,"224":0,"225":0,"226":0,"227":0,"228":0,"229":0,"230":0,"231":0,"232":0,"233":0,"234":0,"235":0,"236":0,"237":0,"238":0,"239":0,"240":0,"241":0,"242":0,"243":0,"244":0,"245":0,"246":0,"247":0,"248":0,"249":0,"250":0,"251":0,"252":0,"253":0,"254":0,"255":0,"256":0,"257":0,"258":0,"259":0,"260":0,"261":0,"262":0,"263":0,"264":0,"265":0,"266":0,"267":0,"268":0,"269":0,"270":0,"271":0,"272":0,"273":0,"274":0,"275":0,"276":0,"277":0,"278":0,"279":0,"280":0,"281":0,"282":0,"283":0,"284":0,"285":0,"286":0,"287":0,"288":1,"289":0,"290":0,"291":2,"292":2,"293":1,"294":1},"f":{"0":1,"1":0,"2":0,"3":0,"4":0,"5":0,"6":0,"7":0,"8":0,"9":0,"10":0,"11":0,"12":0,"13":0,"14":0,"15":0,"16":0,"17":0,"18":0,"19":0,"20":0,"21":0,"22":0,"23":0,"24":0,"25":0,"26":0,"27":0,"28":0,"29":0,"30":0,"31":0,"32":0,"33":0,"34":0,"35":0,"36":0,"37":0,"38":0,"39":0,"40":0,"41":0,"42":0,"43":0,"44":0,"45":0,"46":0,"47":0,"48":0,"49":0,"50":0,"51":0,"52":0,"53":0,"54":0,"55":0,"56":0,"57":0,"58":0,"59":0,"60":0,"61":0,"62":0,"63":0,"64":2,"65":2},"b":{"0":[0,0],"1":[0,0],"2":[0,0],"3":[0,0],"4":[0,0],"5":[0,0],"6":[0,0],"7":[0,0],"8":[0,0],"9":[0,0],"10":[0,0],"11":[0,0],"12":[0,0],"13":[0,0],"14":[0,0],"15":[0,0],"16":[0,0],"17":[0,0],"18":[0,0],"19":[0,0],"20":[0,0,0],"21":[0,0],"22":[0,0],"23":[0,0],"24":[0,0],"25":[0,0,0,0,0,0],"26":[0,0],"27":[0,0],"28":[0,0],"29":[0,0],"30":[0,0],"31":[0,0],"32":[0,0],"33":[0,0],"34":[0,0],"35":[0,0],"36":[0,0],"37":[0,0,0,0],"38":[0,0],"39":[0,0,0],"40":[0,0],"41":[0,0],"42":[0,0],"43":[0,0],"44":[0,0],"45":[0,0],"46":[0,0],"47":[0,0],"48":[0,0],"49":[0,0],"50":[0,0],"51":[0,0],"52":[0,0],"53":[0,0],"54":[0,0],"55":[0,0],"56":[0,0],"57":[0,0],"58":[0,0],"59":[0,0],"60":[0,0],"61":[0,0],"62":[0,0],"63":[0,0],"64":[0,0],"65":[0,0],"66":[0,0],"67":[0,0],"68":[0,0],"69":[0,0],"70":[0,0],"71":[0,0],"72":[0,0],"73":[0,0],"74":[0,0],"75":[0,0],"76":[0,0],"77":[0,0],"78":[0,0],"79":[0,0],"80":[0,0],"81":[0,0],"82":[0,0],"83":[0,0],"84":[0,0],"85":[0,0],"86":[0,0],"87":[0,0],"88":[0,0],"89":[0,0],"90":[0,0],"91":[0,0],"92":[0,0],"93":[0,0],"94":[0,0],"95":[0,0],"96":[0,0],"97":[0,0,0],"98":[0,0],"99":[0,0],"100":[0,0],"101":[0,0],"102":[0,0],"103":[0,0],"104":[0,0],"105":[0,0],"106":[0,0],"107":[0,0],"108":[0,0],"109":[0,0,0],"110":[0,0],"111":[0,0],"112":[0,0],"113":[0,0],"114":[0,0],"115":[0,0],"116":[0,0],"117":[0,0],"118":[0,0],"119":[0,0],"120":[0,0],"121":[0,0],"122":[0,0],"123":[0,0],"124":[0,0],"125":[0,0],"126":[0,0],"127":[0,0],"128":[0,0],"129":[0,0],"130":[0,0],"131":[0,0],"132":[0,0],"133":[0,0],"134":[0,0],"135":[0,0],"136":[0,0],"137":[0,0],"138":[0,0],"139":[0,0],"140":[0,0],"141":[0,0],"142":[0,0],"143":[0,0],"144":[0,0],"145":[0,0],"146":[0,0],"147":[0,0],"148":[0,0],"149":[0,0],"150":[0,0],"151":[0,0],"152":[0,0],"153":[0,0],"154":[0,0],"155":[0,0],"156":[0,0],"157":[0,0],"158":[0,0],"159":[0,0],"160":[0,0],"161":[1,0],"162":[1,1]},"_coverageSchema":"1a1c01bbd47fc00a2c39e90264f33305004495a9","hash":"e65c8cd0d51a0394cb4edeaee3958eeb25bdf3c8"}
,"C:\\Users\\scott\\OneDrive\\Desktop\\Game Development\\Ehix - The Triune Convergence\\src\\assets\\js\\ui\\skillColors.js": {"path":"C:\\Users\\scott\\OneDrive\\Desktop\\Game Development\\Ehix - The Triune Convergence\\src\\assets\\js\\ui\\skillColors.js","statementMap":{"0":{"start":{"line":4,"column":22},"end":{"line":19,"column":1}},"1":{"start":{"line":22,"column":28},"end":{"line":37,"column":1}},"2":{"start":{"line":40,"column":2},"end":{"line":40,"column":65}},"3":{"start":{"line":43,"column":2},"end":{"line":43,"column":42}},"4":{"start":{"line":47,"column":0},"end":{"line":52,"column":1}},"5":{"start":{"line":48,"column":2},"end":{"line":48,"column":39}},"6":{"start":{"line":49,"column":2},"end":{"line":49,"column":51}},"7":{"start":{"line":50,"column":2},"end":{"line":50,"column":49}},"8":{"start":{"line":51,"column":2},"end":{"line":51,"column":51}},"9":{"start":{"line":55,"column":0},"end":{"line":62,"column":1}},"10":{"start":{"line":56,"column":2},"end":{"line":61,"column":4}}},"fnMap":{"0":{"name":"getSkillBadgeColor","decl":{"start":{"line":39,"column":9},"end":{"line":39,"column":27}},"loc":{"start":{"line":39,"column":35},"end":{"line":41,"column":1}},"line":39},"1":{"name":"getSkillBadgeBorder","decl":{"start":{"line":42,"column":9},"end":{"line":42,"column":28}},"loc":{"start":{"line":42,"column":36},"end":{"line":44,"column":1}},"line":42}},"branchMap":{"0":{"loc":{"start":{"line":40,"column":9},"end":{"line":40,"column":64}},"type":"binary-expr","locations":[{"start":{"line":40,"column":9},"end":{"line":40,"column":29}},{"start":{"line":40,"column":33},"end":{"line":40,"column":64}}],"line":40},"1":{"loc":{"start":{"line":43,"column":9},"end":{"line":43,"column":41}},"type":"binary-expr","locations":[{"start":{"line":43,"column":9},"end":{"line":43,"column":35}},{"start":{"line":43,"column":39},"end":{"line":43,"column":41}}],"line":43},"2":{"loc":{"start":{"line":47,"column":0},"end":{"line":52,"column":1}},"type":"if","locations":[{"start":{"line":47,"column":0},"end":{"line":52,"column":1}},{"start":{},"end":{}}],"line":47},"3":{"loc":{"start":{"line":55,"column":0},"end":{"line":62,"column":1}},"type":"if","locations":[{"start":{"line":55,"column":0},"end":{"line":62,"column":1}},{"start":{},"end":{}}],"line":55},"4":{"loc":{"start":{"line":55,"column":4},"end":{"line":55,"column":51}},"type":"binary-expr","locations":[{"start":{"line":55,"column":4},"end":{"line":55,"column":33}},{"start":{"line":55,"column":37},"end":{"line":55,"column":51}}],"line":55}},"s":{"0":2,"1":2,"2":18,"3":0,"4":2,"5":2,"6":2,"7":2,"8":2,"9":2,"10":2},"f":{"0":18,"1":0},"b":{"0":[18,2],"1":[0,0],"2":[2,0],"3":[2,0],"4":[2,2]},"_coverageSchema":"1a1c01bbd47fc00a2c39e90264f33305004495a9","hash":"ac392e4adb0cd6ad2c6682e337d89608613df6d6"}
,"C:\\Users\\scott\\OneDrive\\Desktop\\Game Development\\Ehix - The Triune Convergence\\src\\assets\\js\\utils\\save.js": {"path":"C:\\Users\\scott\\OneDrive\\Desktop\\Game Development\\Ehix - The Triune Convergence\\src\\assets\\js\\utils\\save.js","statementMap":{"0":{"start":{"line":5,"column":18},"end":{"line":5,"column":48}},"1":{"start":{"line":6,"column":4},"end":{"line":6,"column":42}},"2":{"start":{"line":10,"column":4},"end":{"line":10,"column":58}},"3":{"start":{"line":14,"column":4},"end":{"line":24,"column":6}},"4":{"start":{"line":28,"column":4},"end":{"line":38,"column":7}},"5":{"start":{"line":29,"column":8},"end":{"line":29,"column":23}},"6":{"start":{"line":29,"column":16},"end":{"line":29,"column":23}},"7":{"start":{"line":30,"column":22},"end":{"line":30,"column":36}},"8":{"start":{"line":31,"column":8},"end":{"line":33,"column":9}},"9":{"start":{"line":32,"column":12},"end":{"line":32,"column":26}},"10":{"start":{"line":34,"column":8},"end":{"line":34,"column":37}},"11":{"start":{"line":35,"column":8},"end":{"line":35,"column":28}},"12":{"start":{"line":36,"column":8},"end":{"line":36,"column":28}},"13":{"start":{"line":37,"column":8},"end":{"line":37,"column":41}},"14":{"start":{"line":42,"column":4},"end":{"line":49,"column":7}},"15":{"start":{"line":43,"column":8},"end":{"line":43,"column":23}},"16":{"start":{"line":43,"column":16},"end":{"line":43,"column":23}},"17":{"start":{"line":44,"column":22},"end":{"line":44,"column":36}},"18":{"start":{"line":45,"column":8},"end":{"line":45,"column":40}},"19":{"start":{"line":46,"column":8},"end":{"line":46,"column":28}},"20":{"start":{"line":47,"column":8},"end":{"line":47,"column":28}},"21":{"start":{"line":48,"column":8},"end":{"line":48,"column":41}},"22":{"start":{"line":53,"column":18},"end":{"line":53,"column":32}},"23":{"start":{"line":54,"column":17},"end":{"line":54,"column":29}},"24":{"start":{"line":55,"column":4},"end":{"line":55,"column":21}},"25":{"start":{"line":55,"column":14},"end":{"line":55,"column":21}},"26":{"start":{"line":57,"column":46},"end":{"line":57,"column":55}},"27":{"start":{"line":58,"column":4},"end":{"line":58,"column":29}},"28":{"start":{"line":59,"column":4},"end":{"line":59,"column":25}},"29":{"start":{"line":60,"column":4},"end":{"line":60,"column":27}},"30":{"start":{"line":61,"column":4},"end":{"line":61,"column":33}},"31":{"start":{"line":63,"column":4},"end":{"line":67,"column":5}},"32":{"start":{"line":64,"column":8},"end":{"line":64,"column":49}},"33":{"start":{"line":66,"column":8},"end":{"line":66,"column":70}},"34":{"start":{"line":68,"column":4},"end":{"line":68,"column":20}},"35":{"start":{"line":69,"column":4},"end":{"line":69,"column":38}},"36":{"start":{"line":73,"column":18},"end":{"line":73,"column":32}},"37":{"start":{"line":74,"column":22},"end":{"line":74,"column":59}},"38":{"start":{"line":75,"column":4},"end":{"line":75,"column":26}},"39":{"start":{"line":75,"column":19},"end":{"line":75,"column":26}},"40":{"start":{"line":77,"column":4},"end":{"line":85,"column":60}},"41":{"start":{"line":77,"column":43},"end":{"line":85,"column":5}},"42":{"start":{"line":87,"column":4},"end":{"line":91,"column":7}},"43":{"start":{"line":88,"column":8},"end":{"line":90,"column":11}},"44":{"start":{"line":89,"column":12},"end":{"line":89,"column":49}},"45":{"start":{"line":93,"column":4},"end":{"line":97,"column":7}},"46":{"start":{"line":94,"column":8},"end":{"line":96,"column":11}},"47":{"start":{"line":95,"column":12},"end":{"line":95,"column":51}},"48":{"start":{"line":101,"column":4},"end":{"line":108,"column":7}},"49":{"start":{"line":102,"column":8},"end":{"line":102,"column":23}},"50":{"start":{"line":102,"column":16},"end":{"line":102,"column":23}},"51":{"start":{"line":103,"column":22},"end":{"line":103,"column":36}},"52":{"start":{"line":104,"column":8},"end":{"line":104,"column":30}},"53":{"start":{"line":105,"column":8},"end":{"line":105,"column":28}},"54":{"start":{"line":106,"column":8},"end":{"line":106,"column":28}},"55":{"start":{"line":107,"column":8},"end":{"line":107,"column":43}},"56":{"start":{"line":112,"column":18},"end":{"line":112,"column":57}},"57":{"start":{"line":113,"column":4},"end":{"line":113,"column":22}},"58":{"start":{"line":113,"column":15},"end":{"line":113,"column":22}},"59":{"start":{"line":114,"column":4},"end":{"line":114,"column":28}},"60":{"start":{"line":115,"column":4},"end":{"line":115,"column":34}},"61":{"start":{"line":116,"column":4},"end":{"line":116,"column":59}},"62":{"start":{"line":116,"column":21},"end":{"line":116,"column":50}},"63":{"start":{"line":120,"column":20},"end":{"line":120,"column":49}},"64":{"start":{"line":121,"column":4},"end":{"line":121,"column":120}},"65":{"start":{"line":122,"column":4},"end":{"line":129,"column":16}},"66":{"start":{"line":130,"column":4},"end":{"line":130,"column":96}},"67":{"start":{"line":130,"column":60},"end":{"line":130,"column":77}},"68":{"start":{"line":130,"column":78},"end":{"line":130,"column":93}},"69":{"start":{"line":131,"column":4},"end":{"line":131,"column":96}},"70":{"start":{"line":131,"column":59},"end":{"line":131,"column":76}},"71":{"start":{"line":131,"column":77},"end":{"line":131,"column":93}},"72":{"start":{"line":132,"column":4},"end":{"line":132,"column":39}},"73":{"start":{"line":135,"column":0},"end":{"line":137,"column":1}},"74":{"start":{"line":136,"column":4},"end":{"line":136,"column":47}}},"fnMap":{"0":{"name":"getSaveSlots","decl":{"start":{"line":4,"column":9},"end":{"line":4,"column":21}},"loc":{"start":{"line":4,"column":24},"end":{"line":7,"column":1}},"line":4},"1":{"name":"setSaveSlots","decl":{"start":{"line":9,"column":9},"end":{"line":9,"column":21}},"loc":{"start":{"line":9,"column":29},"end":{"line":11,"column":1}},"line":9},"2":{"name":"createSaveData","decl":{"start":{"line":13,"column":9},"end":{"line":13,"column":23}},"loc":{"start":{"line":13,"column":26},"end":{"line":25,"column":1}},"line":13},"3":{"name":"saveGame","decl":{"start":{"line":27,"column":9},"end":{"line":27,"column":17}},"loc":{"start":{"line":27,"column":20},"end":{"line":39,"column":1}},"line":27},"4":{"name":"(anonymous_4)","decl":{"start":{"line":28,"column":76},"end":{"line":28,"column":77}},"loc":{"start":{"line":28,"column":84},"end":{"line":38,"column":5}},"line":28},"5":{"name":"saveToSlot","decl":{"start":{"line":41,"column":9},"end":{"line":41,"column":19}},"loc":{"start":{"line":41,"column":27},"end":{"line":50,"column":1}},"line":41},"6":{"name":"(anonymous_6)","decl":{"start":{"line":42,"column":68},"end":{"line":42,"column":69}},"loc":{"start":{"line":42,"column":76},"end":{"line":49,"column":5}},"line":42},"7":{"name":"loadGame","decl":{"start":{"line":52,"column":9},"end":{"line":52,"column":17}},"loc":{"start":{"line":52,"column":25},"end":{"line":70,"column":1}},"line":52},"8":{"name":"populateSaveSlots","decl":{"start":{"line":72,"column":9},"end":{"line":72,"column":26}},"loc":{"start":{"line":72,"column":29},"end":{"line":98,"column":1}},"line":72},"9":{"name":"(anonymous_9)","decl":{"start":{"line":77,"column":36},"end":{"line":77,"column":37}},"loc":{"start":{"line":77,"column":43},"end":{"line":85,"column":5}},"line":77},"10":{"name":"(anonymous_10)","decl":{"start":{"line":87,"column":57},"end":{"line":87,"column":58}},"loc":{"start":{"line":87,"column":62},"end":{"line":91,"column":5}},"line":87},"11":{"name":"(anonymous_11)","decl":{"start":{"line":88,"column":38},"end":{"line":88,"column":39}},"loc":{"start":{"line":88,"column":42},"end":{"line":90,"column":9}},"line":88},"12":{"name":"(anonymous_12)","decl":{"start":{"line":93,"column":59},"end":{"line":93,"column":60}},"loc":{"start":{"line":93,"column":64},"end":{"line":97,"column":5}},"line":93},"13":{"name":"(anonymous_13)","decl":{"start":{"line":94,"column":38},"end":{"line":94,"column":39}},"loc":{"start":{"line":94,"column":42},"end":{"line":96,"column":9}},"line":94},"14":{"name":"deleteSave","decl":{"start":{"line":100,"column":9},"end":{"line":100,"column":19}},"loc":{"start":{"line":100,"column":27},"end":{"line":109,"column":1}},"line":100},"15":{"name":"(anonymous_15)","decl":{"start":{"line":101,"column":47},"end":{"line":101,"column":48}},"loc":{"start":{"line":101,"column":55},"end":{"line":108,"column":5}},"line":101},"16":{"name":"displaySaveMessage","decl":{"start":{"line":111,"column":9},"end":{"line":111,"column":27}},"loc":{"start":{"line":111,"column":33},"end":{"line":117,"column":1}},"line":111},"17":{"name":"(anonymous_17)","decl":{"start":{"line":116,"column":15},"end":{"line":116,"column":16}},"loc":{"start":{"line":116,"column":19},"end":{"line":116,"column":52}},"line":116},"18":{"name":"showConfirmationModal","decl":{"start":{"line":119,"column":9},"end":{"line":119,"column":30}},"loc":{"start":{"line":119,"column":50},"end":{"line":133,"column":1}},"line":119},"19":{"name":"(anonymous_19)","decl":{"start":{"line":130,"column":52},"end":{"line":130,"column":53}},"loc":{"start":{"line":130,"column":58},"end":{"line":130,"column":95}},"line":130},"20":{"name":"(anonymous_20)","decl":{"start":{"line":131,"column":51},"end":{"line":131,"column":52}},"loc":{"start":{"line":131,"column":57},"end":{"line":131,"column":95}},"line":131}},"branchMap":{"0":{"loc":{"start":{"line":6,"column":11},"end":{"line":6,"column":41}},"type":"cond-expr","locations":[{"start":{"line":6,"column":19},"end":{"line":6,"column":36}},{"start":{"line":6,"column":39},"end":{"line":6,"column":41}}],"line":6},"1":{"loc":{"start":{"line":29,"column":8},"end":{"line":29,"column":23}},"type":"if","locations":[{"start":{"line":29,"column":8},"end":{"line":29,"column":23}},{"start":{},"end":{}}],"line":29},"2":{"loc":{"start":{"line":31,"column":8},"end":{"line":33,"column":9}},"type":"if","locations":[{"start":{"line":31,"column":8},"end":{"line":33,"column":9}},{"start":{},"end":{}}],"line":31},"3":{"loc":{"start":{"line":43,"column":8},"end":{"line":43,"column":23}},"type":"if","locations":[{"start":{"line":43,"column":8},"end":{"line":43,"column":23}},{"start":{},"end":{}}],"line":43},"4":{"loc":{"start":{"line":55,"column":4},"end":{"line":55,"column":21}},"type":"if","locations":[{"start":{"line":55,"column":4},"end":{"line":55,"column":21}},{"start":{},"end":{}}],"line":55},"5":{"loc":{"start":{"line":63,"column":4},"end":{"line":67,"column":5}},"type":"if","locations":[{"start":{"line":63,"column":4},"end":{"line":67,"column":5}},{"start":{"line":65,"column":11},"end":{"line":67,"column":5}}],"line":63},"6":{"loc":{"start":{"line":66,"column":23},"end":{"line":66,"column":68}},"type":"binary-expr","locations":[{"start":{"line":66,"column":23},"end":{"line":66,"column":47}},{"start":{"line":66,"column":51},"end":{"line":66,"column":68}}],"line":66},"7":{"loc":{"start":{"line":75,"column":4},"end":{"line":75,"column":26}},"type":"if","locations":[{"start":{"line":75,"column":4},"end":{"line":75,"column":26}},{"start":{},"end":{}}],"line":75},"8":{"loc":{"start":{"line":77,"column":26},"end":{"line":85,"column":59}},"type":"binary-expr","locations":[{"start":{"line":77,"column":26},"end":{"line":85,"column":15}},{"start":{"line":85,"column":19},"end":{"line":85,"column":59}}],"line":77},"9":{"loc":{"start":{"line":102,"column":8},"end":{"line":102,"column":23}},"type":"if","locations":[{"start":{"line":102,"column":8},"end":{"line":102,"column":23}},{"start":{},"end":{}}],"line":102},"10":{"loc":{"start":{"line":113,"column":4},"end":{"line":113,"column":22}},"type":"if","locations":[{"start":{"line":113,"column":4},"end":{"line":113,"column":22}},{"start":{},"end":{}}],"line":113},"11":{"loc":{"start":{"line":135,"column":0},"end":{"line":137,"column":1}},"type":"if","locations":[{"start":{"line":135,"column":0},"end":{"line":137,"column":1}},{"start":{},"end":{}}],"line":135},"12":{"loc":{"start":{"line":135,"column":4},"end":{"line":135,"column":51}},"type":"binary-expr","locations":[{"start":{"line":135,"column":4},"end":{"line":135,"column":33}},{"start":{"line":135,"column":37},"end":{"line":135,"column":51}}],"line":135}},"s":{"0":0,"1":0,"2":0,"3":0,"4":0,"5":0,"6":0,"7":0,"8":0,"9":0,"10":0,"11":0,"12":0,"13":0,"14":0,"15":0,"16":0,"17":0,"18":0,"19":0,"20":0,"21":0,"22":0,"23":0,"24":0,"25":0,"26":0,"27":0,"28":0,"29":0,"30":0,"31":0,"32":0,"33":0,"34":0,"35":0,"36":0,"37":0,"38":0,"39":0,"40":0,"41":0,"42":0,"43":0,"44":0,"45":0,"46":0,"47":0,"48":0,"49":0,"50":0,"51":0,"52":0,"53":0,"54":0,"55":0,"56":0,"57":0,"58":0,"59":0,"60":0,"61":0,"62":0,"63":1,"64":1,"65":1,"66":1,"67":1,"68":1,"69":1,"70":0,"71":0,"72":1,"73":1,"74":1},"f":{"0":0,"1":0,"2":0,"3":0,"4":0,"5":0,"6":0,"7":0,"8":0,"9":0,"10":0,"11":0,"12":0,"13":0,"14":0,"15":0,"16":0,"17":0,"18":1,"19":1,"20":0},"b":{"0":[0,0],"1":[0,0],"2":[0,0],"3":[0,0],"4":[0,0],"5":[0,0],"6":[0,0],"7":[0,0],"8":[0,0],"9":[0,0],"10":[0,0],"11":[1,0],"12":[1,1]},"_coverageSchema":"1a1c01bbd47fc00a2c39e90264f33305004495a9","hash":"e8d4e0b56dfadf5cfd1eee43284d57b5db1f05ee"}
}
