TN:
SF:src/assets/js/systems/consumableSystem.js
FN:6,(anonymous_0)
FN:17,(anonymous_1)
FN:70,(anonymous_2)
FN:95,(anonymous_3)
FN:130,(anonymous_4)
FN:171,(anonymous_5)
FN:212,(anonymous_6)
FN:240,(anonymous_7)
FN:251,(anonymous_8)
FN:265,(anonymous_9)
FN:279,(anonymous_10)
FN:294,(anonymous_11)
FN:325,(anonymous_12)
FN:333,(anonymous_13)
FN:353,(anonymous_14)
FN:354,(anonymous_15)
FN:363,(anonymous_16)
FN:394,(anonymous_17)
FN:414,(anonymous_18)
FN:435,(anonymous_19)
FN:446,(anonymous_20)
FN:450,(anonymous_21)
FN:454,(anonymous_22)
FNF:23
FNH:4
FNDA:3,(anonymous_0)
FNDA:0,(anonymous_1)
FNDA:0,(anonymous_2)
FNDA:0,(anonymous_3)
FNDA:0,(anonymous_4)
FNDA:0,(anonymous_5)
FNDA:0,(anonymous_6)
FNDA:0,(anonymous_7)
FNDA:0,(anonymous_8)
FNDA:0,(anonymous_9)
FNDA:0,(anonymous_10)
FNDA:0,(anonymous_11)
FNDA:1,(anonymous_12)
FNDA:2,(anonymous_13)
FNDA:0,(anonymous_14)
FNDA:0,(anonymous_15)
FNDA:3,(anonymous_16)
FNDA:0,(anonymous_17)
FNDA:0,(anonymous_18)
FNDA:0,(anonymous_19)
FNDA:0,(anonymous_20)
FNDA:0,(anonymous_21)
FNDA:0,(anonymous_22)
DA:7,3
DA:8,3
DA:19,0
DA:20,0
DA:21,0
DA:22,0
DA:26,0
DA:27,0
DA:28,0
DA:29,0
DA:33,0
DA:34,0
DA:35,0
DA:36,0
DA:40,0
DA:42,0
DA:44,0
DA:47,0
DA:50,0
DA:53,0
DA:54,0
DA:57,0
DA:58,0
DA:61,0
DA:71,0
DA:72,0
DA:73,0
DA:76,0
DA:77,0
DA:79,0
DA:80,0
DA:81,0
DA:85,0
DA:96,0
DA:98,0
DA:100,0
DA:104,0
DA:107,0
DA:110,0
DA:113,0
DA:116,0
DA:119,0
DA:122,0
DA:123,0
DA:131,0
DA:132,0
DA:133,0
DA:134,0
DA:136,0
DA:137,0
DA:138,0
DA:142,0
DA:143,0
DA:144,0
DA:145,0
DA:149,0
DA:150,0
DA:152,0
DA:155,0
DA:156,0
DA:159,0
DA:161,0
DA:163,0
DA:164,0
DA:172,0
DA:173,0
DA:174,0
DA:175,0
DA:177,0
DA:178,0
DA:179,0
DA:183,0
DA:184,0
DA:185,0
DA:186,0
DA:190,0
DA:191,0
DA:193,0
DA:196,0
DA:197,0
DA:200,0
DA:202,0
DA:204,0
DA:205,0
DA:213,0
DA:215,0
DA:216,0
DA:217,0
DA:219,0
DA:220,0
DA:221,0
DA:225,0
DA:226,0
DA:228,0
DA:230,0
DA:232,0
DA:233,0
DA:242,0
DA:243,0
DA:246,0
DA:247,0
DA:250,0
DA:251,0
DA:252,0
DA:253,0
DA:254,0
DA:255,0
DA:258,0
DA:259,0
DA:267,0
DA:270,0
DA:279,0
DA:280,0
DA:283,0
DA:286,0
DA:287,0
DA:295,0
DA:296,0
DA:298,0
DA:300,0
DA:301,0
DA:302,0
DA:306,0
DA:308,0
DA:309,0
DA:310,0
DA:311,0
DA:315,0
DA:316,0
DA:319,0
DA:326,1
DA:328,1
DA:329,1
DA:330,1
DA:331,1
DA:333,2
DA:335,1
DA:336,1
DA:337,2
DA:340,1
DA:342,0
DA:345,0
DA:346,0
DA:354,0
DA:355,0
DA:356,0
DA:364,3
DA:366,3
DA:367,3
DA:368,3
DA:370,3
DA:371,3
DA:373,1
DA:374,1
DA:377,2
DA:378,2
DA:380,1
DA:383,1
DA:385,2
DA:396,0
DA:397,0
DA:401,0
DA:402,0
DA:406,0
DA:407,0
DA:415,0
DA:416,0
DA:417,0
DA:418,0
DA:419,0
DA:426,0
DA:429,0
DA:436,0
DA:437,0
DA:443,1
DA:446,1
DA:447,0
DA:450,1
DA:451,0
DA:454,1
DA:455,0
DA:459,1
DA:460,1
DA:463,1
LF:184
LH:32
BRDA:17,0,0,0
BRDA:20,1,0,0
BRDA:20,1,1,0
BRDA:27,2,0,0
BRDA:27,2,1,0
BRDA:27,3,0,0
BRDA:27,3,1,0
BRDA:33,4,0,0
BRDA:33,4,1,0
BRDA:33,5,0,0
BRDA:33,5,1,0
BRDA:34,6,0,0
BRDA:34,6,1,0
BRDA:42,7,0,0
BRDA:42,7,1,0
BRDA:53,8,0,0
BRDA:53,8,1,0
BRDA:70,9,0,0
BRDA:71,10,0,0
BRDA:71,10,1,0
BRDA:76,11,0,0
BRDA:76,11,1,0
BRDA:80,12,0,0
BRDA:80,12,1,0
BRDA:98,13,0,0
BRDA:98,13,1,0
BRDA:98,13,2,0
BRDA:98,13,3,0
BRDA:98,13,4,0
BRDA:98,13,5,0
BRDA:98,13,6,0
BRDA:98,13,7,0
BRDA:98,13,8,0
BRDA:136,14,0,0
BRDA:136,14,1,0
BRDA:155,15,0,0
BRDA:155,15,1,0
BRDA:177,16,0,0
BRDA:177,16,1,0
BRDA:196,17,0,0
BRDA:196,17,1,0
BRDA:217,18,0,0
BRDA:217,18,1,0
BRDA:219,19,0,0
BRDA:219,19,1,0
BRDA:286,20,0,0
BRDA:286,20,1,0
BRDA:296,21,0,0
BRDA:296,21,1,0
BRDA:298,22,0,0
BRDA:309,23,0,0
BRDA:309,23,1,0
BRDA:315,24,0,0
BRDA:315,24,1,0
BRDA:328,25,0,1
BRDA:328,25,1,0
BRDA:331,26,0,1
BRDA:331,26,1,0
BRDA:342,27,0,0
BRDA:342,27,1,0
BRDA:355,28,0,0
BRDA:355,28,1,0
BRDA:363,29,0,1
BRDA:368,30,0,1
BRDA:368,30,1,2
BRDA:370,31,0,3
BRDA:370,31,1,0
BRDA:371,32,0,1
BRDA:371,32,1,2
BRDA:377,33,0,2
BRDA:377,33,1,0
BRDA:378,34,0,1
BRDA:378,34,1,1
BRDA:396,35,0,0
BRDA:396,35,1,0
BRDA:401,36,0,0
BRDA:401,36,1,0
BRDA:406,37,0,0
BRDA:406,37,1,0
BRDA:418,38,0,0
BRDA:418,38,1,0
BRDA:446,39,0,0
BRDA:459,40,0,1
BRDA:459,40,1,0
BRDA:459,41,0,1
BRDA:459,41,1,1
BRF:86
BRH:14
end_of_record
