TN:
SF:src\assets\js\systems\consumableSystem.js
FN:6,(anonymous_0)
FN:17,(anonymous_1)
FN:70,(anonymous_2)
FN:95,(anonymous_3)
FN:130,(anonymous_4)
FN:171,(anonymous_5)
FN:212,(anonymous_6)
FN:240,(anonymous_7)
FN:251,(anonymous_8)
FN:265,(anonymous_9)
FN:279,(anonymous_10)
FN:294,(anonymous_11)
FN:325,(anonymous_12)
FN:333,(anonymous_13)
FN:353,(anonymous_14)
FN:354,(anonymous_15)
FN:363,(anonymous_16)
FN:394,(anonymous_17)
FN:414,(anonymous_18)
FN:435,(anonymous_19)
FN:446,(anonymous_20)
FN:450,(anonymous_21)
FN:454,(anonymous_22)
FNF:23
FNH:4
FNDA:3,(anonymous_0)
FNDA:0,(anonymous_1)
FNDA:0,(anonymous_2)
FNDA:0,(anonymous_3)
FNDA:0,(anonymous_4)
FNDA:0,(anonymous_5)
FNDA:0,(anonymous_6)
FNDA:0,(anonymous_7)
FNDA:0,(anonymous_8)
FNDA:0,(anonymous_9)
FNDA:0,(anonymous_10)
FNDA:0,(anonymous_11)
FNDA:1,(anonymous_12)
FNDA:2,(anonymous_13)
FNDA:0,(anonymous_14)
FNDA:0,(anonymous_15)
FNDA:3,(anonymous_16)
FNDA:0,(anonymous_17)
FNDA:0,(anonymous_18)
FNDA:0,(anonymous_19)
FNDA:0,(anonymous_20)
FNDA:0,(anonymous_21)
FNDA:0,(anonymous_22)
DA:7,3
DA:8,3
DA:19,0
DA:20,0
DA:21,0
DA:22,0
DA:26,0
DA:27,0
DA:28,0
DA:29,0
DA:33,0
DA:34,0
DA:35,0
DA:36,0
DA:40,0
DA:42,0
DA:44,0
DA:47,0
DA:50,0
DA:53,0
DA:54,0
DA:57,0
DA:58,0
DA:61,0
DA:71,0
DA:72,0
DA:73,0
DA:76,0
DA:77,0
DA:79,0
DA:80,0
DA:81,0
DA:85,0
DA:96,0
DA:98,0
DA:100,0
DA:104,0
DA:107,0
DA:110,0
DA:113,0
DA:116,0
DA:119,0
DA:122,0
DA:123,0
DA:131,0
DA:132,0
DA:133,0
DA:134,0
DA:136,0
DA:137,0
DA:138,0
DA:142,0
DA:143,0
DA:144,0
DA:145,0
DA:149,0
DA:150,0
DA:152,0
DA:155,0
DA:156,0
DA:159,0
DA:161,0
DA:163,0
DA:164,0
DA:172,0
DA:173,0
DA:174,0
DA:175,0
DA:177,0
DA:178,0
DA:179,0
DA:183,0
DA:184,0
DA:185,0
DA:186,0
DA:190,0
DA:191,0
DA:193,0
DA:196,0
DA:197,0
DA:200,0
DA:202,0
DA:204,0
DA:205,0
DA:213,0
DA:215,0
DA:216,0
DA:217,0
DA:219,0
DA:220,0
DA:221,0
DA:225,0
DA:226,0
DA:228,0
DA:230,0
DA:232,0
DA:233,0
DA:242,0
DA:243,0
DA:246,0
DA:247,0
DA:250,0
DA:251,0
DA:252,0
DA:253,0
DA:254,0
DA:255,0
DA:258,0
DA:259,0
DA:267,0
DA:270,0
DA:279,0
DA:280,0
DA:283,0
DA:286,0
DA:287,0
DA:295,0
DA:296,0
DA:298,0
DA:300,0
DA:301,0
DA:302,0
DA:306,0
DA:308,0
DA:309,0
DA:310,0
DA:311,0
DA:315,0
DA:316,0
DA:319,0
DA:326,1
DA:328,1
DA:329,1
DA:330,1
DA:331,1
DA:333,2
DA:335,1
DA:336,1
DA:337,2
DA:340,1
DA:342,0
DA:345,0
DA:346,0
DA:354,0
DA:355,0
DA:356,0
DA:364,3
DA:366,3
DA:367,3
DA:368,3
DA:370,3
DA:371,3
DA:373,1
DA:374,1
DA:377,2
DA:378,2
DA:380,1
DA:383,1
DA:385,2
DA:396,0
DA:397,0
DA:401,0
DA:402,0
DA:406,0
DA:407,0
DA:415,0
DA:416,0
DA:417,0
DA:418,0
DA:419,0
DA:426,0
DA:429,0
DA:436,0
DA:437,0
DA:443,1
DA:446,1
DA:447,0
DA:450,1
DA:451,0
DA:454,1
DA:455,0
DA:459,1
DA:460,1
DA:463,1
LF:184
LH:32
BRDA:17,0,0,0
BRDA:20,1,0,0
BRDA:20,1,1,0
BRDA:27,2,0,0
BRDA:27,2,1,0
BRDA:27,3,0,0
BRDA:27,3,1,0
BRDA:33,4,0,0
BRDA:33,4,1,0
BRDA:33,5,0,0
BRDA:33,5,1,0
BRDA:34,6,0,0
BRDA:34,6,1,0
BRDA:42,7,0,0
BRDA:42,7,1,0
BRDA:53,8,0,0
BRDA:53,8,1,0
BRDA:70,9,0,0
BRDA:71,10,0,0
BRDA:71,10,1,0
BRDA:76,11,0,0
BRDA:76,11,1,0
BRDA:80,12,0,0
BRDA:80,12,1,0
BRDA:98,13,0,0
BRDA:98,13,1,0
BRDA:98,13,2,0
BRDA:98,13,3,0
BRDA:98,13,4,0
BRDA:98,13,5,0
BRDA:98,13,6,0
BRDA:98,13,7,0
BRDA:98,13,8,0
BRDA:136,14,0,0
BRDA:136,14,1,0
BRDA:155,15,0,0
BRDA:155,15,1,0
BRDA:177,16,0,0
BRDA:177,16,1,0
BRDA:196,17,0,0
BRDA:196,17,1,0
BRDA:217,18,0,0
BRDA:217,18,1,0
BRDA:219,19,0,0
BRDA:219,19,1,0
BRDA:286,20,0,0
BRDA:286,20,1,0
BRDA:296,21,0,0
BRDA:296,21,1,0
BRDA:298,22,0,0
BRDA:309,23,0,0
BRDA:309,23,1,0
BRDA:315,24,0,0
BRDA:315,24,1,0
BRDA:328,25,0,1
BRDA:328,25,1,0
BRDA:331,26,0,1
BRDA:331,26,1,0
BRDA:342,27,0,0
BRDA:342,27,1,0
BRDA:355,28,0,0
BRDA:355,28,1,0
BRDA:363,29,0,1
BRDA:368,30,0,1
BRDA:368,30,1,2
BRDA:370,31,0,3
BRDA:370,31,1,0
BRDA:371,32,0,1
BRDA:371,32,1,2
BRDA:377,33,0,2
BRDA:377,33,1,0
BRDA:378,34,0,1
BRDA:378,34,1,1
BRDA:396,35,0,0
BRDA:396,35,1,0
BRDA:401,36,0,0
BRDA:401,36,1,0
BRDA:406,37,0,0
BRDA:406,37,1,0
BRDA:418,38,0,0
BRDA:418,38,1,0
BRDA:446,39,0,0
BRDA:459,40,0,1
BRDA:459,40,1,0
BRDA:459,41,0,1
BRDA:459,41,1,1
BRF:86
BRH:14
end_of_record
TN:
SF:src\assets\js\systems\equipUtils.js
FN:3,equipItem
FN:6,(anonymous_1)
FN:12,(anonymous_2)
FN:30,unequipItem
FN:34,(anonymous_4)
FNF:5
FNH:5
FNDA:4,equipItem
FNDA:6,(anonymous_1)
FNDA:6,(anonymous_2)
FNDA:2,unequipItem
FNDA:3,(anonymous_4)
DA:4,4
DA:5,4
DA:6,6
DA:7,4
DA:8,4
DA:9,4
DA:10,4
DA:11,4
DA:12,6
DA:13,4
DA:14,4
DA:16,0
DA:19,4
DA:20,2
DA:22,2
DA:26,4
DA:27,4
DA:31,2
DA:32,2
DA:33,2
DA:34,3
DA:35,2
DA:36,1
DA:38,1
DA:40,2
DA:43,2
LF:26
LH:25
BRDA:3,0,0,4
BRDA:5,1,0,0
BRDA:5,1,1,4
BRDA:6,2,0,0
BRDA:6,2,1,6
BRDA:7,3,0,0
BRDA:7,3,1,4
BRDA:8,4,0,4
BRDA:8,4,1,0
BRDA:9,5,0,0
BRDA:9,5,1,4
BRDA:9,6,0,0
BRDA:9,6,1,0
BRDA:10,7,0,0
BRDA:10,7,1,4
BRDA:10,8,0,4
BRDA:10,8,1,4
BRDA:11,9,0,0
BRDA:11,9,1,4
BRDA:12,10,0,0
BRDA:12,10,1,6
BRDA:13,11,0,4
BRDA:13,11,1,0
BRDA:14,12,0,0
BRDA:14,12,1,4
BRDA:19,13,0,2
BRDA:19,13,1,2
BRDA:32,14,0,0
BRDA:32,14,1,2
BRDA:34,15,0,0
BRDA:34,15,1,3
BRDA:35,16,0,1
BRDA:35,16,1,1
BRDA:35,17,0,2
BRDA:35,17,1,1
BRDA:36,18,0,1
BRDA:36,18,1,0
BRF:37
BRH:22
end_of_record
TN:
SF:src\assets\js\systems\equipmentSystem.global.js
FN:6,(anonymous_0)
FN:9,(anonymous_1)
FNF:2
FNH:2
FNDA:1,(anonymous_0)
FNDA:1,(anonymous_1)
DA:5,1
DA:7,1
DA:10,1
LF:3
LH:3
BRF:0
BRH:0
end_of_record
TN:
SF:src\assets\js\ui\inventory.js
FN:6,(anonymous_0)
FN:23,(anonymous_1)
FN:156,(anonymous_2)
FN:232,(anonymous_3)
FN:253,(anonymous_4)
FN:258,(anonymous_5)
FN:286,(anonymous_6)
FN:295,(anonymous_7)
FN:300,(anonymous_8)
FN:305,(anonymous_9)
FN:315,(anonymous_10)
FN:354,(anonymous_11)
FN:383,(anonymous_12)
FN:387,(anonymous_13)
FN:476,(anonymous_14)
FN:487,(anonymous_15)
FN:499,(anonymous_16)
FN:504,(anonymous_17)
FN:507,(anonymous_18)
FN:515,(anonymous_19)
FN:521,(anonymous_20)
FN:525,(anonymous_21)
FN:534,(anonymous_22)
FN:542,(anonymous_23)
FN:550,(anonymous_24)
FN:558,(anonymous_25)
FN:566,(anonymous_26)
FN:573,(anonymous_27)
FN:574,(anonymous_28)
FN:583,(anonymous_29)
FN:593,(anonymous_30)
FN:632,(anonymous_31)
FN:649,(anonymous_32)
FN:661,(anonymous_33)
FN:672,(anonymous_34)
FN:695,(anonymous_35)
FN:697,(anonymous_36)
FN:763,(anonymous_37)
FN:771,(anonymous_38)
FN:779,(anonymous_39)
FN:787,(anonymous_40)
FN:840,(anonymous_41)
FN:852,(anonymous_42)
FN:864,(anonymous_43)
FN:865,(anonymous_44)
FN:897,(anonymous_45)
FN:906,(anonymous_46)
FN:908,(anonymous_47)
FN:917,(anonymous_48)
FN:926,(anonymous_49)
FN:940,(anonymous_50)
FN:951,(anonymous_51)
FN:954,(anonymous_52)
FN:964,(anonymous_53)
FN:977,(anonymous_54)
FN:986,(anonymous_55)
FN:1029,(anonymous_56)
FN:1045,(anonymous_57)
FN:1045,(anonymous_58)
FN:1063,(anonymous_59)
FN:1099,(anonymous_60)
FN:1110,(anonymous_61)
FN:1141,renderAdvancedInventory
FN:1146,renderInventory
FN:1150,formatSlotName
FN:1154,(anonymous_65)
FNF:66
FNH:3
FNDA:1,(anonymous_0)
FNDA:0,(anonymous_1)
FNDA:0,(anonymous_2)
FNDA:0,(anonymous_3)
FNDA:0,(anonymous_4)
FNDA:0,(anonymous_5)
FNDA:0,(anonymous_6)
FNDA:0,(anonymous_7)
FNDA:0,(anonymous_8)
FNDA:0,(anonymous_9)
FNDA:0,(anonymous_10)
FNDA:0,(anonymous_11)
FNDA:0,(anonymous_12)
FNDA:0,(anonymous_13)
FNDA:0,(anonymous_14)
FNDA:0,(anonymous_15)
FNDA:0,(anonymous_16)
FNDA:0,(anonymous_17)
FNDA:0,(anonymous_18)
FNDA:0,(anonymous_19)
FNDA:0,(anonymous_20)
FNDA:0,(anonymous_21)
FNDA:0,(anonymous_22)
FNDA:0,(anonymous_23)
FNDA:0,(anonymous_24)
FNDA:0,(anonymous_25)
FNDA:0,(anonymous_26)
FNDA:0,(anonymous_27)
FNDA:0,(anonymous_28)
FNDA:0,(anonymous_29)
FNDA:0,(anonymous_30)
FNDA:0,(anonymous_31)
FNDA:0,(anonymous_32)
FNDA:0,(anonymous_33)
FNDA:0,(anonymous_34)
FNDA:0,(anonymous_35)
FNDA:0,(anonymous_36)
FNDA:0,(anonymous_37)
FNDA:0,(anonymous_38)
FNDA:0,(anonymous_39)
FNDA:0,(anonymous_40)
FNDA:0,(anonymous_41)
FNDA:0,(anonymous_42)
FNDA:0,(anonymous_43)
FNDA:0,(anonymous_44)
FNDA:0,(anonymous_45)
FNDA:0,(anonymous_46)
FNDA:0,(anonymous_47)
FNDA:0,(anonymous_48)
FNDA:0,(anonymous_49)
FNDA:0,(anonymous_50)
FNDA:0,(anonymous_51)
FNDA:0,(anonymous_52)
FNDA:0,(anonymous_53)
FNDA:0,(anonymous_54)
FNDA:0,(anonymous_55)
FNDA:0,(anonymous_56)
FNDA:0,(anonymous_57)
FNDA:0,(anonymous_58)
FNDA:0,(anonymous_59)
FNDA:0,(anonymous_60)
FNDA:0,(anonymous_61)
FNDA:0,renderAdvancedInventory
FNDA:0,renderInventory
FNDA:2,formatSlotName
FNDA:2,(anonymous_65)
DA:7,1
DA:8,1
DA:9,1
DA:15,1
DA:19,1
DA:24,0
DA:26,0
DA:151,0
DA:152,0
DA:157,0
DA:233,0
DA:234,0
DA:235,0
DA:237,0
DA:238,0
DA:240,0
DA:254,0
DA:257,0
DA:258,0
DA:259,0
DA:260,0
DA:262,0
DA:263,0
DA:265,0
DA:273,0
DA:281,0
DA:284,0
DA:285,0
DA:286,0
DA:287,0
DA:294,0
DA:295,0
DA:299,0
DA:300,0
DA:304,0
DA:305,0
DA:306,0
DA:307,0
DA:309,0
DA:315,0
DA:318,0
DA:320,0
DA:321,0
DA:322,0
DA:324,0
DA:325,0
DA:326,0
DA:328,0
DA:329,0
DA:330,0
DA:331,0
DA:333,0
DA:334,0
DA:335,0
DA:337,0
DA:338,0
DA:339,0
DA:341,0
DA:342,0
DA:345,0
DA:346,0
DA:347,0
DA:350,0
DA:355,0
DA:357,0
DA:358,0
DA:363,0
DA:364,0
DA:374,0
DA:383,0
DA:388,0
DA:389,0
DA:390,0
DA:391,0
DA:392,0
DA:395,0
DA:396,0
DA:397,0
DA:399,0
DA:477,0
DA:484,0
DA:488,0
DA:495,0
DA:501,0
DA:505,0
DA:507,0
DA:508,0
DA:509,0
DA:510,0
DA:511,0
DA:516,0
DA:517,0
DA:523,0
DA:524,0
DA:525,0
DA:526,0
DA:527,0
DA:532,0
DA:533,0
DA:534,0
DA:535,0
DA:540,0
DA:541,0
DA:542,0
DA:543,0
DA:544,0
DA:548,0
DA:549,0
DA:550,0
DA:551,0
DA:552,0
DA:556,0
DA:557,0
DA:558,0
DA:559,0
DA:560,0
DA:564,0
DA:565,0
DA:566,0
DA:567,0
DA:568,0
DA:573,0
DA:574,0
DA:575,0
DA:576,0
DA:577,0
DA:584,0
DA:585,0
DA:586,0
DA:588,0
DA:589,0
DA:590,0
DA:594,0
DA:595,0
DA:597,0
DA:598,0
DA:601,0
DA:602,0
DA:623,0
DA:624,0
DA:625,0
DA:626,0
DA:627,0
DA:633,0
DA:634,0
DA:641,0
DA:642,0
DA:644,0
DA:645,0
DA:650,0
DA:651,0
DA:652,0
DA:653,0
DA:654,0
DA:656,0
DA:658,0
DA:662,0
DA:663,0
DA:664,0
DA:665,0
DA:667,0
DA:669,0
DA:673,0
DA:674,0
DA:675,0
DA:676,0
DA:680,0
DA:681,0
DA:682,0
DA:683,0
DA:684,0
DA:688,0
DA:691,0
DA:697,0
DA:698,0
DA:701,0
DA:702,0
DA:703,0
DA:707,0
DA:709,0
DA:710,0
DA:711,0
DA:715,0
DA:717,0
DA:720,0
DA:721,0
DA:724,0
DA:725,0
DA:728,0
DA:729,0
DA:730,0
DA:734,0
DA:736,0
DA:739,0
DA:740,0
DA:743,0
DA:744,0
DA:747,0
DA:751,0
DA:754,0
DA:757,0
DA:758,0
DA:764,0
DA:765,0
DA:766,0
DA:767,0
DA:771,0
DA:772,0
DA:774,0
DA:776,0
DA:780,0
DA:781,0
DA:782,0
DA:785,0
DA:786,0
DA:787,0
DA:788,0
DA:789,0
DA:793,0
DA:841,0
DA:853,0
DA:864,0
DA:865,0
DA:893,0
DA:894,0
DA:898,0
DA:899,0
DA:900,0
DA:902,0
DA:908,0
DA:909,0
DA:910,0
DA:911,0
DA:912,0
DA:917,0
DA:918,0
DA:919,0
DA:920,0
DA:921,0
DA:926,0
DA:927,0
DA:928,0
DA:929,0
DA:934,0
DA:935,0
DA:936,0
DA:942,0
DA:943,0
DA:947,0
DA:952,0
DA:954,0
DA:955,0
DA:956,0
DA:957,0
DA:958,0
DA:965,0
DA:966,0
DA:968,0
DA:969,0
DA:970,0
DA:972,0
DA:978,0
DA:979,0
DA:980,0
DA:981,0
DA:987,0
DA:989,0
DA:991,0
DA:1029,0
DA:1045,0
DA:1063,0
DA:1099,0
DA:1110,0
DA:1138,1
DA:1142,0
DA:1147,0
DA:1151,2
DA:1154,2
DA:1158,1
DA:1159,1
LF:280
LH:10
BRDA:24,0,0,0
BRDA:24,0,1,0
BRDA:45,1,0,0
BRDA:45,1,1,0
BRDA:75,2,0,0
BRDA:75,2,1,0
BRDA:163,3,0,0
BRDA:163,3,1,0
BRDA:170,4,0,0
BRDA:170,4,1,0
BRDA:175,5,0,0
BRDA:175,5,1,0
BRDA:180,6,0,0
BRDA:180,6,1,0
BRDA:185,7,0,0
BRDA:185,7,1,0
BRDA:191,8,0,0
BRDA:191,8,1,0
BRDA:196,9,0,0
BRDA:196,9,1,0
BRDA:201,10,0,0
BRDA:201,10,1,0
BRDA:208,11,0,0
BRDA:208,11,1,0
BRDA:235,12,0,0
BRDA:235,12,1,0
BRDA:254,13,0,0
BRDA:254,13,1,0
BRDA:259,14,0,0
BRDA:259,14,1,0
BRDA:260,15,0,0
BRDA:260,15,1,0
BRDA:260,16,0,0
BRDA:260,16,1,0
BRDA:262,17,0,0
BRDA:262,17,1,0
BRDA:265,18,0,0
BRDA:265,18,1,0
BRDA:284,19,0,0
BRDA:284,19,1,0
BRDA:287,20,0,0
BRDA:287,20,1,0
BRDA:287,20,2,0
BRDA:294,21,0,0
BRDA:294,21,1,0
BRDA:299,22,0,0
BRDA:299,22,1,0
BRDA:304,23,0,0
BRDA:304,23,1,0
BRDA:306,24,0,0
BRDA:306,24,1,0
BRDA:318,25,0,0
BRDA:318,25,1,0
BRDA:318,25,2,0
BRDA:318,25,3,0
BRDA:318,25,4,0
BRDA:318,25,5,0
BRDA:329,26,0,0
BRDA:329,26,1,0
BRDA:330,27,0,0
BRDA:330,27,1,0
BRDA:333,28,0,0
BRDA:333,28,1,0
BRDA:334,29,0,0
BRDA:334,29,1,0
BRDA:337,30,0,0
BRDA:337,30,1,0
BRDA:338,31,0,0
BRDA:338,31,1,0
BRDA:345,32,0,0
BRDA:345,32,1,0
BRDA:345,33,0,0
BRDA:345,33,1,0
BRDA:346,34,0,0
BRDA:346,34,1,0
BRDA:346,35,0,0
BRDA:346,35,1,0
BRDA:357,36,0,0
BRDA:357,36,1,0
BRDA:358,37,0,0
BRDA:358,37,1,0
BRDA:358,37,2,0
BRDA:358,37,3,0
BRDA:363,38,0,0
BRDA:363,38,1,0
BRDA:391,39,0,0
BRDA:391,39,1,0
BRDA:391,39,2,0
BRDA:392,40,0,0
BRDA:392,40,1,0
BRDA:394,41,0,0
BRDA:394,41,1,0
BRDA:395,42,0,0
BRDA:395,42,1,0
BRDA:396,43,0,0
BRDA:396,43,1,0
BRDA:397,44,0,0
BRDA:397,44,1,0
BRDA:400,45,0,0
BRDA:400,45,1,0
BRDA:400,46,0,0
BRDA:400,46,1,0
BRDA:400,47,0,0
BRDA:400,47,1,0
BRDA:402,48,0,0
BRDA:402,48,1,0
BRDA:403,49,0,0
BRDA:403,49,1,0
BRDA:420,50,0,0
BRDA:420,50,1,0
BRDA:421,51,0,0
BRDA:421,51,1,0
BRDA:423,52,0,0
BRDA:423,52,1,0
BRDA:426,53,0,0
BRDA:426,53,1,0
BRDA:427,54,0,0
BRDA:427,54,1,0
BRDA:431,55,0,0
BRDA:431,55,1,0
BRDA:433,56,0,0
BRDA:433,56,1,0
BRDA:434,57,0,0
BRDA:434,57,1,0
BRDA:437,58,0,0
BRDA:437,58,1,0
BRDA:438,59,0,0
BRDA:438,59,1,0
BRDA:446,60,0,0
BRDA:446,60,1,0
BRDA:468,61,0,0
BRDA:468,61,1,0
BRDA:484,62,0,0
BRDA:484,62,1,0
BRDA:495,63,0,0
BRDA:495,63,1,0
BRDA:505,64,0,0
BRDA:505,64,1,0
BRDA:508,65,0,0
BRDA:508,65,1,0
BRDA:509,66,0,0
BRDA:509,66,1,0
BRDA:509,67,0,0
BRDA:509,67,1,0
BRDA:511,68,0,0
BRDA:511,68,1,0
BRDA:517,69,0,0
BRDA:517,69,1,0
BRDA:524,70,0,0
BRDA:524,70,1,0
BRDA:533,71,0,0
BRDA:533,71,1,0
BRDA:541,72,0,0
BRDA:541,72,1,0
BRDA:549,73,0,0
BRDA:549,73,1,0
BRDA:557,74,0,0
BRDA:557,74,1,0
BRDA:565,75,0,0
BRDA:565,75,1,0
BRDA:567,76,0,0
BRDA:567,76,1,0
BRDA:576,77,0,0
BRDA:576,77,1,0
BRDA:588,78,0,0
BRDA:588,78,1,0
BRDA:589,79,0,0
BRDA:589,79,1,0
BRDA:590,80,0,0
BRDA:590,80,1,0
BRDA:597,81,0,0
BRDA:597,81,1,0
BRDA:601,82,0,0
BRDA:601,82,1,0
BRDA:624,83,0,0
BRDA:624,83,1,0
BRDA:626,84,0,0
BRDA:626,84,1,0
BRDA:627,85,0,0
BRDA:627,85,1,0
BRDA:642,86,0,0
BRDA:642,86,1,0
BRDA:650,87,0,0
BRDA:650,87,1,0
BRDA:652,88,0,0
BRDA:652,88,1,0
BRDA:662,89,0,0
BRDA:662,89,1,0
BRDA:664,90,0,0
BRDA:664,90,1,0
BRDA:674,91,0,0
BRDA:674,91,1,0
BRDA:680,92,0,0
BRDA:680,92,1,0
BRDA:681,93,0,0
BRDA:681,93,1,0
BRDA:683,94,0,0
BRDA:683,94,1,0
BRDA:698,95,0,0
BRDA:698,95,1,0
BRDA:701,96,0,0
BRDA:701,96,1,0
BRDA:707,97,0,0
BRDA:707,97,1,0
BRDA:707,97,2,0
BRDA:709,98,0,0
BRDA:709,98,1,0
BRDA:720,99,0,0
BRDA:720,99,1,0
BRDA:720,100,0,0
BRDA:720,100,1,0
BRDA:728,101,0,0
BRDA:728,101,1,0
BRDA:739,102,0,0
BRDA:739,102,1,0
BRDA:739,103,0,0
BRDA:739,103,1,0
BRDA:757,104,0,0
BRDA:757,104,1,0
BRDA:765,105,0,0
BRDA:765,105,1,0
BRDA:772,106,0,0
BRDA:772,106,1,0
BRDA:774,107,0,0
BRDA:774,107,1,0
BRDA:774,108,0,0
BRDA:774,108,1,0
BRDA:781,109,0,0
BRDA:781,109,1,0
BRDA:781,109,2,0
BRDA:788,110,0,0
BRDA:788,110,1,0
BRDA:802,111,0,0
BRDA:802,111,1,0
BRDA:804,112,0,0
BRDA:804,112,1,0
BRDA:819,113,0,0
BRDA:819,113,1,0
BRDA:827,114,0,0
BRDA:827,114,1,0
BRDA:828,115,0,0
BRDA:828,115,1,0
BRDA:829,116,0,0
BRDA:829,116,1,0
BRDA:830,117,0,0
BRDA:830,117,1,0
BRDA:831,118,0,0
BRDA:831,118,1,0
BRDA:832,119,0,0
BRDA:832,119,1,0
BRDA:836,120,0,0
BRDA:836,120,1,0
BRDA:836,121,0,0
BRDA:836,121,1,0
BRDA:848,122,0,0
BRDA:848,122,1,0
BRDA:848,123,0,0
BRDA:848,123,1,0
BRDA:859,124,0,0
BRDA:859,124,1,0
BRDA:859,125,0,0
BRDA:859,125,1,0
BRDA:863,126,0,0
BRDA:863,126,1,0
BRDA:863,127,0,0
BRDA:863,127,1,0
BRDA:864,128,0,0
BRDA:864,128,1,0
BRDA:865,129,0,0
BRDA:865,129,1,0
BRDA:865,130,0,0
BRDA:865,130,1,0
BRDA:865,131,0,0
BRDA:865,131,1,0
BRDA:872,132,0,0
BRDA:872,132,1,0
BRDA:878,133,0,0
BRDA:878,133,1,0
BRDA:899,134,0,0
BRDA:899,134,1,0
BRDA:911,135,0,0
BRDA:911,135,1,0
BRDA:911,136,0,0
BRDA:911,136,1,0
BRDA:920,137,0,0
BRDA:920,137,1,0
BRDA:920,138,0,0
BRDA:920,138,1,0
BRDA:928,139,0,0
BRDA:928,139,1,0
BRDA:928,140,0,0
BRDA:928,140,1,0
BRDA:935,141,0,0
BRDA:935,141,1,0
BRDA:935,142,0,0
BRDA:935,142,1,0
BRDA:942,143,0,0
BRDA:942,143,1,0
BRDA:957,144,0,0
BRDA:957,144,1,0
BRDA:968,145,0,0
BRDA:968,145,1,0
BRDA:980,146,0,0
BRDA:980,146,1,0
BRDA:987,147,0,0
BRDA:987,147,1,0
BRDA:1015,148,0,0
BRDA:1015,148,1,0
BRDA:1015,149,0,0
BRDA:1015,149,1,0
BRDA:1056,150,0,0
BRDA:1056,150,1,0
BRDA:1065,151,0,0
BRDA:1065,151,1,0
BRDA:1066,152,0,0
BRDA:1066,152,1,0
BRDA:1070,153,0,0
BRDA:1070,153,1,0
BRDA:1071,154,0,0
BRDA:1071,154,1,0
BRDA:1073,155,0,0
BRDA:1073,155,1,0
BRDA:1074,156,0,0
BRDA:1074,156,1,0
BRDA:1080,157,0,0
BRDA:1080,157,1,0
BRDA:1081,158,0,0
BRDA:1081,158,1,0
BRDA:1102,159,0,0
BRDA:1102,159,1,0
BRDA:1107,160,0,0
BRDA:1107,160,1,0
BRDA:1158,161,0,1
BRDA:1158,161,1,0
BRDA:1158,162,0,1
BRDA:1158,162,1,1
BRF:336
BRH:3
end_of_record
TN:
SF:src\assets\js\ui\skillColors.js
FN:39,getSkillBadgeColor
FN:42,getSkillBadgeBorder
FNF:2
FNH:1
FNDA:18,getSkillBadgeColor
FNDA:0,getSkillBadgeBorder
DA:4,2
DA:22,2
DA:40,18
DA:43,0
DA:47,2
DA:48,2
DA:49,2
DA:50,2
DA:51,2
DA:55,2
DA:56,2
LF:11
LH:10
BRDA:40,0,0,18
BRDA:40,0,1,2
BRDA:43,1,0,0
BRDA:43,1,1,0
BRDA:47,2,0,2
BRDA:47,2,1,0
BRDA:55,3,0,2
BRDA:55,3,1,0
BRDA:55,4,0,2
BRDA:55,4,1,2
BRF:10
BRH:6
end_of_record
TN:
SF:src\assets\js\utils\save.js
FN:4,getSaveSlots
FN:9,setSaveSlots
FN:13,createSaveData
FN:27,saveGame
FN:28,(anonymous_4)
FN:41,saveToSlot
FN:42,(anonymous_6)
FN:52,loadGame
FN:72,populateSaveSlots
FN:77,(anonymous_9)
FN:87,(anonymous_10)
FN:88,(anonymous_11)
FN:93,(anonymous_12)
FN:94,(anonymous_13)
FN:100,deleteSave
FN:101,(anonymous_15)
FN:111,displaySaveMessage
FN:116,(anonymous_17)
FN:119,showConfirmationModal
FN:130,(anonymous_19)
FN:131,(anonymous_20)
FNF:21
FNH:2
FNDA:0,getSaveSlots
FNDA:0,setSaveSlots
FNDA:0,createSaveData
FNDA:0,saveGame
FNDA:0,(anonymous_4)
FNDA:0,saveToSlot
FNDA:0,(anonymous_6)
FNDA:0,loadGame
FNDA:0,populateSaveSlots
FNDA:0,(anonymous_9)
FNDA:0,(anonymous_10)
FNDA:0,(anonymous_11)
FNDA:0,(anonymous_12)
FNDA:0,(anonymous_13)
FNDA:0,deleteSave
FNDA:0,(anonymous_15)
FNDA:0,displaySaveMessage
FNDA:0,(anonymous_17)
FNDA:1,showConfirmationModal
FNDA:1,(anonymous_19)
FNDA:0,(anonymous_20)
DA:5,0
DA:6,0
DA:10,0
DA:14,0
DA:28,0
DA:29,0
DA:30,0
DA:31,0
DA:32,0
DA:34,0
DA:35,0
DA:36,0
DA:37,0
DA:42,0
DA:43,0
DA:44,0
DA:45,0
DA:46,0
DA:47,0
DA:48,0
DA:53,0
DA:54,0
DA:55,0
DA:57,0
DA:58,0
DA:59,0
DA:60,0
DA:61,0
DA:63,0
DA:64,0
DA:66,0
DA:68,0
DA:69,0
DA:73,0
DA:74,0
DA:75,0
DA:77,0
DA:87,0
DA:88,0
DA:89,0
DA:93,0
DA:94,0
DA:95,0
DA:101,0
DA:102,0
DA:103,0
DA:104,0
DA:105,0
DA:106,0
DA:107,0
DA:112,0
DA:113,0
DA:114,0
DA:115,0
DA:116,0
DA:120,1
DA:121,1
DA:122,1
DA:130,1
DA:131,1
DA:132,1
DA:135,1
DA:136,1
LF:63
LH:8
BRDA:6,0,0,0
BRDA:6,0,1,0
BRDA:29,1,0,0
BRDA:29,1,1,0
BRDA:31,2,0,0
BRDA:31,2,1,0
BRDA:43,3,0,0
BRDA:43,3,1,0
BRDA:55,4,0,0
BRDA:55,4,1,0
BRDA:63,5,0,0
BRDA:63,5,1,0
BRDA:66,6,0,0
BRDA:66,6,1,0
BRDA:75,7,0,0
BRDA:75,7,1,0
BRDA:77,8,0,0
BRDA:77,8,1,0
BRDA:102,9,0,0
BRDA:102,9,1,0
BRDA:113,10,0,0
BRDA:113,10,1,0
BRDA:135,11,0,1
BRDA:135,11,1,0
BRDA:135,12,0,1
BRDA:135,12,1,1
BRF:26
BRH:3
end_of_record
